2025-12-06 03:51:27.260 [main] INFO  o.s.t.c.s.AnnotationConfigContextLoaderUtils - Could not detect default configuration classes for test class [io.life.user_service.controller.AuthControllerIntegrationTest]: AuthControllerIntegrationTest does not declare any static, non-private, non-final, nested classes annotated with @Configuration.
2025-12-06 03:51:27.407 [main] INFO  o.s.b.t.c.SpringBootTestContextBootstrapper - Found @SpringBootConfiguration io.life.user_service.UserServiceApplication for test class io.life.user_service.controller.AuthControllerIntegrationTest
2025-12-06 03:51:27.723 [background-preinit] INFO  o.h.validator.internal.util.Version - HV000001: Hibernate Validator 8.0.2.Final
2025-12-06 03:51:27.758 [main] INFO  i.l.u.c.AuthControllerIntegrationTest - Starting AuthControllerIntegrationTest using Java 21.0.2 with PID 9240 (started by nji in E:\My Documents\DEV\Java\Project\LIFE\user-service)
2025-12-06 03:51:27.773 [main] DEBUG i.l.u.c.AuthControllerIntegrationTest - Running with Spring Boot v3.4.2, Spring v6.2.2
2025-12-06 03:51:27.773 [main] INFO  i.l.u.c.AuthControllerIntegrationTest - No active profile set, falling back to 1 default profile: "default"
2025-12-06 03:51:27.806 [main] DEBUG o.s.w.c.s.GenericWebApplicationContext - Refreshing org.springframework.web.context.support.GenericWebApplicationContext@677b8e13
2025-12-06 03:51:28.761 [main] INFO  o.s.d.r.c.RepositoryConfigurationDelegate - Bootstrapping Spring Data JPA repositories in DEFAULT mode.
2025-12-06 03:51:28.814 [main] INFO  o.s.d.r.c.RepositoryConfigurationDelegate - Finished Spring Data repository scanning in 52 ms. Found 1 JPA repository interface.
2025-12-06 03:51:29.884 [main] INFO  o.h.jpa.internal.util.LogHelper - HHH000204: Processing PersistenceUnitInfo [name: default]
2025-12-06 03:51:30.020 [main] INFO  org.hibernate.Version - HHH000412: Hibernate ORM core version 6.6.5.Final
2025-12-06 03:51:30.082 [main] INFO  o.h.c.i.RegionFactoryInitiator - HHH000026: Second-level cache disabled
2025-12-06 03:51:30.383 [main] INFO  o.s.o.j.p.SpringPersistenceUnitInfo - No LoadTimeWeaver setup: ignoring JPA class transformer
2025-12-06 03:51:30.406 [main] INFO  com.zaxxer.hikari.HikariDataSource - HikariPool-1 - Starting...
2025-12-06 03:51:30.629 [main] INFO  com.zaxxer.hikari.pool.HikariPool - HikariPool-1 - Added connection conn0: url=jdbc:h2:file:./data/user_service_db user=SA
2025-12-06 03:51:30.631 [main] INFO  com.zaxxer.hikari.HikariDataSource - HikariPool-1 - Start completed.
2025-12-06 03:51:30.653 [main] WARN  org.hibernate.orm.deprecation - HHH90000025: H2Dialect does not need to be specified explicitly using 'hibernate.dialect' (remove the property setting and it will be selected by default)
2025-12-06 03:51:30.677 [main] INFO  o.hibernate.orm.connections.pooling - HHH10001005: Database info:
	Database JDBC URL [Connecting through datasource 'HikariDataSource (HikariPool-1)']
	Database driver: undefined/unknown
	Database version: 2.3.232
	Autocommit mode: undefined/unknown
	Isolation level: undefined/unknown
	Minimum pool size: undefined/unknown
	Maximum pool size: undefined/unknown
2025-12-06 03:51:31.324 [main] INFO  o.h.e.t.j.p.i.JtaPlatformInitiator - HHH000489: No JTA platform available (set 'hibernate.transaction.jta.platform' to enable JTA platform integration)
2025-12-06 03:51:31.359 [main] INFO  o.s.o.j.LocalContainerEntityManagerFactoryBean - Initialized JPA EntityManagerFactory for persistence unit 'default'
2025-12-06 03:51:32.219 [main] INFO  o.s.s.c.a.a.c.InitializeUserDetailsBeanManagerConfigurer$InitializeUserDetailsManagerConfigurer - Global AuthenticationManager configured with UserDetailsService bean with name customUserDetailsService
2025-12-06 03:51:32.431 [main] WARN  o.s.b.a.o.j.JpaBaseConfiguration$JpaWebConfiguration - spring.jpa.open-in-view is enabled by default. Therefore, database queries may be performed during view rendering. Explicitly configure spring.jpa.open-in-view to disable this warning
2025-12-06 03:51:32.756 [main] DEBUG o.s.w.s.m.m.a.RequestMappingHandlerMapping - 9 mappings in 'requestMappingHandlerMapping'
2025-12-06 03:51:33.011 [main] DEBUG o.s.w.s.h.SimpleUrlHandlerMapping - Patterns [/webjars/**, /**] in 'resourceHandlerMapping'
2025-12-06 03:51:33.301 [main] INFO  o.s.b.a.e.web.EndpointLinksResolver - Exposing 1 endpoint beneath base path '/actuator'
2025-12-06 03:51:33.424 [main] DEBUG o.s.s.web.DefaultSecurityFilterChain - Will secure Or [Mvc [pattern='/h2-console'], Mvc [pattern='/h2-console/**']] with filters: DisableEncodeUrlFilter, WebAsyncManagerIntegrationFilter, SecurityContextHolderFilter, HeaderWriterFilter, LogoutFilter, RequestCacheAwareFilter, SecurityContextHolderAwareRequestFilter, AnonymousAuthenticationFilter, SessionManagementFilter, ExceptionTranslationFilter, AuthorizationFilter
2025-12-06 03:51:33.476 [main] DEBUG o.s.s.web.DefaultSecurityFilterChain - Will secure Or [Mvc [pattern='/**']] with filters: DisableEncodeUrlFilter, WebAsyncManagerIntegrationFilter, SecurityContextHolderFilter, HeaderWriterFilter, LogoutFilter, JwtAuthenticationFilter, BasicAuthenticationFilter, RequestCacheAwareFilter, SecurityContextHolderAwareRequestFilter, AnonymousAuthenticationFilter, SessionManagementFilter, ExceptionTranslationFilter, AuthorizationFilter
2025-12-06 03:51:33.759 [main] DEBUG o.s.w.s.m.m.a.RequestMappingHandlerAdapter - ControllerAdvice beans: 0 @ModelAttribute, 0 @InitBinder, 1 RequestBodyAdvice, 1 ResponseBodyAdvice
2025-12-06 03:51:33.839 [main] DEBUG o.s.w.s.m.m.a.ExceptionHandlerExceptionResolver - ControllerAdvice beans: 1 @ExceptionHandler, 1 ResponseBodyAdvice
2025-12-06 03:51:34.020 [main] INFO  o.s.b.a.h.H2ConsoleAutoConfiguration - H2 console available at '/h2-console'. Database available at 'jdbc:h2:file:./data/user_service_db'
2025-12-06 03:51:34.154 [main] INFO  i.l.u.c.AuthControllerIntegrationTest - Started AuthControllerIntegrationTest in 6.63 seconds (process running for 7.805)
2025-12-06 03:51:34.364 [main] DEBUG org.hibernate.SQL - select u1_0.id,u1_0.password_hash,u1_0.role,u1_0.username,u1_0.workstation_id from users u1_0 where u1_0.username=?
2025-12-06 03:51:34.388 [main] INFO  i.l.u.c.ComprehensiveUserInitializer - Starting comprehensive user initialization...
2025-12-06 03:51:34.391 [main] DEBUG org.hibernate.SQL - select u1_0.id,u1_0.password_hash,u1_0.role,u1_0.username,u1_0.workstation_id from users u1_0 where u1_0.username=?
2025-12-06 03:51:34.392 [main] DEBUG i.l.u.c.ComprehensiveUserInitializer - User 'lego_admin' already exists, skipping.
2025-12-06 03:51:34.393 [main] DEBUG org.hibernate.SQL - select u1_0.id,u1_0.password_hash,u1_0.role,u1_0.username,u1_0.workstation_id from users u1_0 where u1_0.username=?
2025-12-06 03:51:34.394 [main] DEBUG i.l.u.c.ComprehensiveUserInitializer - User 'plant_warehouse_user' already exists, skipping.
2025-12-06 03:51:34.396 [main] DEBUG org.hibernate.SQL - select u1_0.id,u1_0.password_hash,u1_0.role,u1_0.username,u1_0.workstation_id from users u1_0 where u1_0.username=?
2025-12-06 03:51:34.396 [main] DEBUG i.l.u.c.ComprehensiveUserInitializer - User 'modules_supermarket_user' already exists, skipping.
2025-12-06 03:51:34.397 [main] DEBUG org.hibernate.SQL - select u1_0.id,u1_0.password_hash,u1_0.role,u1_0.username,u1_0.workstation_id from users u1_0 where u1_0.username=?
2025-12-06 03:51:34.397 [main] DEBUG i.l.u.c.ComprehensiveUserInitializer - User 'parts_supply_user' already exists, skipping.
2025-12-06 03:51:34.398 [main] DEBUG org.hibernate.SQL - select u1_0.id,u1_0.password_hash,u1_0.role,u1_0.username,u1_0.workstation_id from users u1_0 where u1_0.username=?
2025-12-06 03:51:34.398 [main] DEBUG i.l.u.c.ComprehensiveUserInitializer - User 'production_planning_user' already exists, skipping.
2025-12-06 03:51:34.399 [main] DEBUG org.hibernate.SQL - select u1_0.id,u1_0.password_hash,u1_0.role,u1_0.username,u1_0.workstation_id from users u1_0 where u1_0.username=?
2025-12-06 03:51:34.399 [main] DEBUG i.l.u.c.ComprehensiveUserInitializer - User 'production_control_user' already exists, skipping.
2025-12-06 03:51:34.401 [main] DEBUG org.hibernate.SQL - select u1_0.id,u1_0.password_hash,u1_0.role,u1_0.username,u1_0.workstation_id from users u1_0 where u1_0.username=?
2025-12-06 03:51:34.401 [main] DEBUG i.l.u.c.ComprehensiveUserInitializer - User 'assembly_control_user' already exists, skipping.
2025-12-06 03:51:34.402 [main] DEBUG org.hibernate.SQL - select u1_0.id,u1_0.password_hash,u1_0.role,u1_0.username,u1_0.workstation_id from users u1_0 where u1_0.username=?
2025-12-06 03:51:34.403 [main] DEBUG i.l.u.c.ComprehensiveUserInitializer - User 'injection_molding_user' already exists, skipping.
2025-12-06 03:51:34.405 [main] DEBUG org.hibernate.SQL - select u1_0.id,u1_0.password_hash,u1_0.role,u1_0.username,u1_0.workstation_id from users u1_0 where u1_0.username=?
2025-12-06 03:51:34.406 [main] DEBUG i.l.u.c.ComprehensiveUserInitializer - User 'parts_preproduction_user' already exists, skipping.
2025-12-06 03:51:34.408 [main] DEBUG org.hibernate.SQL - select u1_0.id,u1_0.password_hash,u1_0.role,u1_0.username,u1_0.workstation_id from users u1_0 where u1_0.username=?
2025-12-06 03:51:34.410 [main] DEBUG i.l.u.c.ComprehensiveUserInitializer - User 'part_finishing_user' already exists, skipping.
2025-12-06 03:51:34.411 [main] DEBUG org.hibernate.SQL - select u1_0.id,u1_0.password_hash,u1_0.role,u1_0.username,u1_0.workstation_id from users u1_0 where u1_0.username=?
2025-12-06 03:51:34.413 [main] DEBUG i.l.u.c.ComprehensiveUserInitializer - User 'gear_assembly_user' already exists, skipping.
2025-12-06 03:51:34.414 [main] DEBUG org.hibernate.SQL - select u1_0.id,u1_0.password_hash,u1_0.role,u1_0.username,u1_0.workstation_id from users u1_0 where u1_0.username=?
2025-12-06 03:51:34.415 [main] DEBUG i.l.u.c.ComprehensiveUserInitializer - User 'motor_assembly_user' already exists, skipping.
2025-12-06 03:51:34.415 [main] DEBUG org.hibernate.SQL - select u1_0.id,u1_0.password_hash,u1_0.role,u1_0.username,u1_0.workstation_id from users u1_0 where u1_0.username=?
2025-12-06 03:51:34.416 [main] DEBUG i.l.u.c.ComprehensiveUserInitializer - User 'final_assembly_user' already exists, skipping.
2025-12-06 03:51:34.418 [main] DEBUG org.hibernate.SQL - select u1_0.id,u1_0.password_hash,u1_0.role,u1_0.username,u1_0.workstation_id from users u1_0 where u1_0.username=?
2025-12-06 03:51:34.419 [main] DEBUG i.l.u.c.ComprehensiveUserInitializer - User 'viewer_user' already exists, skipping.
2025-12-06 03:51:34.419 [main] INFO  i.l.u.c.ComprehensiveUserInitializer - User initialization complete: 0 created, 14 existing
2025-12-06 03:51:34.939 [main] DEBUG org.hibernate.SQL - select u1_0.id,u1_0.password_hash,u1_0.role,u1_0.username,u1_0.workstation_id from users u1_0 where u1_0.username=?
2025-12-06 03:51:35.010 [main] DEBUG o.s.s.a.d.DaoAuthenticationProvider - Authenticated user
2025-12-06 03:51:35.107 [main] INFO  o.s.t.c.s.AnnotationConfigContextLoaderUtils - Could not detect default configuration classes for test class [io.life.user_service.controller.AuthControllerIntegrationTests]: AuthControllerIntegrationTests does not declare any static, non-private, non-final, nested classes annotated with @Configuration.
2025-12-06 03:51:35.110 [main] INFO  o.s.b.t.c.SpringBootTestContextBootstrapper - Found @SpringBootConfiguration io.life.user_service.UserServiceApplication for test class io.life.user_service.controller.AuthControllerIntegrationTests
2025-12-06 03:51:35.162 [main] INFO  o.s.b.t.m.w.SpringBootMockServletContext - Initializing Spring TestDispatcherServlet ''
2025-12-06 03:51:35.163 [main] INFO  o.s.t.w.s.TestDispatcherServlet - Initializing Servlet ''
2025-12-06 03:51:35.165 [main] INFO  o.s.t.w.s.TestDispatcherServlet - Completed initialization in 2 ms
2025-12-06 03:51:35.273 [main] DEBUG org.hibernate.SQL - insert into users (password_hash,role,username,workstation_id,id) values (?,?,?,?,default)
2025-12-06 03:51:35.336 [main] DEBUG o.s.security.web.FilterChainProxy - Securing POST /api/auth/login
2025-12-06 03:51:35.358 [main] DEBUG o.s.s.w.a.AnonymousAuthenticationFilter - Set SecurityContextHolder to anonymous SecurityContext
2025-12-06 03:51:35.364 [main] DEBUG o.s.security.web.FilterChainProxy - Secured POST /api/auth/login
2025-12-06 03:51:35.368 [main] DEBUG o.s.w.s.m.m.a.RequestMappingHandlerMapping - Mapped to io.life.user_service.controller.AuthController#login(LoginRequest)
2025-12-06 03:51:35.402 [main] DEBUG o.s.w.s.m.m.a.RequestResponseBodyMethodProcessor - Read "application/json" to [io.life.user_service.dto.auth.LoginRequest@64d691b2]
2025-12-06 03:51:35.416 [main] DEBUG org.hibernate.SQL - select u1_0.id,u1_0.password_hash,u1_0.role,u1_0.username,u1_0.workstation_id from users u1_0 where u1_0.username=?
2025-12-06 03:51:35.475 [main] DEBUG o.s.s.a.d.DaoAuthenticationProvider - Authenticated user
2025-12-06 03:51:35.477 [main] DEBUG org.hibernate.SQL - select u1_0.id,u1_0.password_hash,u1_0.role,u1_0.username,u1_0.workstation_id from users u1_0 where u1_0.username=?
2025-12-06 03:51:35.538 [main] DEBUG o.s.w.s.m.m.a.HttpEntityMethodProcessor - Using 'application/json', given [*/*] and supported [application/json, application/*+json]
2025-12-06 03:51:35.538 [main] DEBUG o.s.w.s.m.m.a.HttpEntityMethodProcessor - Writing [io.life.user_service.dto.auth.LoginResponse@59f4df4e]
2025-12-06 03:51:35.561 [main] DEBUG o.s.security.web.FilterChainProxy - Securing POST /api/users
2025-12-06 03:51:35.599 [main] DEBUG org.hibernate.SQL - select u1_0.id,u1_0.password_hash,u1_0.role,u1_0.username,u1_0.workstation_id from users u1_0 where u1_0.username=?
2025-12-06 03:51:35.602 [main] DEBUG o.s.security.web.FilterChainProxy - Secured POST /api/users
2025-12-06 03:51:35.602 [main] DEBUG o.s.w.s.m.m.a.RequestMappingHandlerMapping - Mapped to io.life.user_service.controller.UserController#createUser(UserCreateRequest)
2025-12-06 03:51:35.609 [main] DEBUG o.s.w.s.m.m.a.RequestResponseBodyMethodProcessor - Read "application/json" to [io.life.user_service.dto.user.UserCreateRequest@69e67993]
2025-12-06 03:51:35.612 [main] DEBUG o.s.s.a.m.AuthorizationManagerBeforeMethodInterceptor - Authorizing method invocation ReflectiveMethodInvocation: public org.springframework.http.ResponseEntity io.life.user_service.controller.UserController.createUser(io.life.user_service.dto.user.UserCreateRequest); target is of class [io.life.user_service.controller.UserController]
2025-12-06 03:51:35.640 [main] DEBUG o.s.s.a.m.AuthorizationManagerBeforeMethodInterceptor - Authorized method invocation ReflectiveMethodInvocation: public org.springframework.http.ResponseEntity io.life.user_service.controller.UserController.createUser(io.life.user_service.dto.user.UserCreateRequest); target is of class [io.life.user_service.controller.UserController]
2025-12-06 03:51:35.648 [main] DEBUG org.hibernate.SQL - select u1_0.id from users u1_0 where u1_0.username=? fetch first ? rows only
2025-12-06 03:51:35.713 [main] DEBUG org.hibernate.SQL - insert into users (password_hash,role,username,workstation_id,id) values (?,?,?,?,default)
2025-12-06 03:51:35.717 [main] DEBUG o.s.w.s.m.m.a.HttpEntityMethodProcessor - Using 'application/json', given [*/*] and supported [application/json, application/*+json]
2025-12-06 03:51:35.718 [main] DEBUG o.s.w.s.m.m.a.HttpEntityMethodProcessor - Writing [io.life.user_service.dto.user.UserDto@42cb8174]
2025-12-06 03:51:35.760 [main] DEBUG org.hibernate.SQL - select u1_0.id,u1_0.password_hash,u1_0.role,u1_0.username,u1_0.workstation_id from users u1_0
2025-12-06 03:51:35.773 [main] DEBUG org.hibernate.SQL - delete from users where id=?
2025-12-06 03:51:35.775 [main] DEBUG org.hibernate.SQL - delete from users where id=?
2025-12-06 03:51:35.776 [main] DEBUG org.hibernate.SQL - delete from users where id=?
2025-12-06 03:51:35.776 [main] DEBUG org.hibernate.SQL - delete from users where id=?
2025-12-06 03:51:35.777 [main] DEBUG org.hibernate.SQL - delete from users where id=?
2025-12-06 03:51:35.778 [main] DEBUG org.hibernate.SQL - delete from users where id=?
2025-12-06 03:51:35.778 [main] DEBUG org.hibernate.SQL - delete from users where id=?
2025-12-06 03:51:35.778 [main] DEBUG org.hibernate.SQL - delete from users where id=?
2025-12-06 03:51:35.779 [main] DEBUG org.hibernate.SQL - delete from users where id=?
2025-12-06 03:51:35.779 [main] DEBUG org.hibernate.SQL - delete from users where id=?
2025-12-06 03:51:35.779 [main] DEBUG org.hibernate.SQL - delete from users where id=?
2025-12-06 03:51:35.780 [main] DEBUG org.hibernate.SQL - delete from users where id=?
2025-12-06 03:51:35.781 [main] DEBUG org.hibernate.SQL - delete from users where id=?
2025-12-06 03:51:35.781 [main] DEBUG org.hibernate.SQL - delete from users where id=?
2025-12-06 03:51:35.781 [main] DEBUG org.hibernate.SQL - delete from users where id=?
2025-12-06 03:51:35.782 [main] DEBUG org.hibernate.SQL - delete from users where id=?
2025-12-06 03:51:35.782 [main] DEBUG org.hibernate.SQL - delete from users where id=?
2025-12-06 03:51:35.782 [main] DEBUG org.hibernate.SQL - delete from users where id=?
2025-12-06 03:51:35.783 [main] DEBUG org.hibernate.SQL - delete from users where id=?
2025-12-06 03:51:35.783 [main] DEBUG org.hibernate.SQL - delete from users where id=?
2025-12-06 03:51:35.783 [main] DEBUG org.hibernate.SQL - delete from users where id=?
2025-12-06 03:51:35.784 [main] DEBUG org.hibernate.SQL - delete from users where id=?
2025-12-06 03:51:35.796 [main] INFO  o.s.b.t.m.w.SpringBootMockServletContext - Initializing Spring TestDispatcherServlet ''
2025-12-06 03:51:35.796 [main] INFO  o.s.t.w.s.TestDispatcherServlet - Initializing Servlet ''
2025-12-06 03:51:35.796 [main] INFO  o.s.t.w.s.TestDispatcherServlet - Completed initialization in 0 ms
2025-12-06 03:51:35.874 [main] DEBUG org.hibernate.SQL - insert into users (password_hash,role,username,workstation_id,id) values (?,?,?,?,default)
2025-12-06 03:51:35.879 [main] DEBUG o.s.security.web.FilterChainProxy - Securing POST /api/auth/login
2025-12-06 03:51:35.880 [main] DEBUG o.s.s.w.a.AnonymousAuthenticationFilter - Set SecurityContextHolder to anonymous SecurityContext
2025-12-06 03:51:35.881 [main] DEBUG o.s.security.web.FilterChainProxy - Secured POST /api/auth/login
2025-12-06 03:51:35.882 [main] DEBUG o.s.w.s.m.m.a.RequestMappingHandlerMapping - Mapped to io.life.user_service.controller.AuthController#login(LoginRequest)
2025-12-06 03:51:35.883 [main] DEBUG o.s.w.s.m.m.a.RequestResponseBodyMethodProcessor - Read "application/json" to [io.life.user_service.dto.auth.LoginRequest@5243ce45]
2025-12-06 03:51:35.887 [main] DEBUG org.hibernate.SQL - select u1_0.id,u1_0.password_hash,u1_0.role,u1_0.username,u1_0.workstation_id from users u1_0 where u1_0.username=?
2025-12-06 03:51:35.969 [main] DEBUG o.s.s.a.d.DaoAuthenticationProvider - Authenticated user
2025-12-06 03:51:35.971 [main] DEBUG org.hibernate.SQL - select u1_0.id,u1_0.password_hash,u1_0.role,u1_0.username,u1_0.workstation_id from users u1_0 where u1_0.username=?
2025-12-06 03:51:35.973 [main] DEBUG o.s.w.s.m.m.a.HttpEntityMethodProcessor - Using 'application/json', given [*/*] and supported [application/json, application/*+json]
2025-12-06 03:51:35.974 [main] DEBUG o.s.w.s.m.m.a.HttpEntityMethodProcessor - Writing [io.life.user_service.dto.auth.LoginResponse@70b38e0]
2025-12-06 03:51:35.978 [main] DEBUG org.hibernate.SQL - select u1_0.id,u1_0.password_hash,u1_0.role,u1_0.username,u1_0.workstation_id from users u1_0
2025-12-06 03:51:35.979 [main] DEBUG org.hibernate.SQL - delete from users where id=?
2025-12-06 03:51:35.989 [main] INFO  o.s.t.c.s.AnnotationConfigContextLoaderUtils - Could not detect default configuration classes for test class [io.life.user_service.controller.UserControllerIntegrationTests]: UserControllerIntegrationTests does not declare any static, non-private, non-final, nested classes annotated with @Configuration.
2025-12-06 03:51:35.991 [main] INFO  o.s.b.t.c.SpringBootTestContextBootstrapper - Found @SpringBootConfiguration io.life.user_service.UserServiceApplication for test class io.life.user_service.controller.UserControllerIntegrationTests
2025-12-06 03:51:36.000 [main] INFO  o.s.b.t.m.w.SpringBootMockServletContext - Initializing Spring TestDispatcherServlet ''
2025-12-06 03:51:36.000 [main] INFO  o.s.t.w.s.TestDispatcherServlet - Initializing Servlet ''
2025-12-06 03:51:36.001 [main] INFO  o.s.t.w.s.TestDispatcherServlet - Completed initialization in 1 ms
2025-12-06 03:51:36.076 [main] DEBUG org.hibernate.SQL - insert into users (password_hash,role,username,workstation_id,id) values (?,?,?,?,default)
2025-12-06 03:51:36.139 [main] DEBUG org.hibernate.SQL - insert into users (password_hash,role,username,workstation_id,id) values (?,?,?,?,default)
2025-12-06 03:51:36.141 [main] DEBUG o.s.security.web.FilterChainProxy - Securing POST /api/auth/login
2025-12-06 03:51:36.142 [main] DEBUG o.s.s.w.a.AnonymousAuthenticationFilter - Set SecurityContextHolder to anonymous SecurityContext
2025-12-06 03:51:36.142 [main] DEBUG o.s.security.web.FilterChainProxy - Secured POST /api/auth/login
2025-12-06 03:51:36.143 [main] DEBUG o.s.w.s.m.m.a.RequestMappingHandlerMapping - Mapped to io.life.user_service.controller.AuthController#login(LoginRequest)
2025-12-06 03:51:36.143 [main] DEBUG o.s.w.s.m.m.a.RequestResponseBodyMethodProcessor - Read "application/json" to [io.life.user_service.dto.auth.LoginRequest@497c267a]
2025-12-06 03:51:36.145 [main] DEBUG org.hibernate.SQL - select u1_0.id,u1_0.password_hash,u1_0.role,u1_0.username,u1_0.workstation_id from users u1_0 where u1_0.username=?
2025-12-06 03:51:36.202 [main] DEBUG o.s.s.a.d.DaoAuthenticationProvider - Authenticated user
2025-12-06 03:51:36.205 [main] DEBUG org.hibernate.SQL - select u1_0.id,u1_0.password_hash,u1_0.role,u1_0.username,u1_0.workstation_id from users u1_0 where u1_0.username=?
2025-12-06 03:51:36.207 [main] DEBUG o.s.w.s.m.m.a.HttpEntityMethodProcessor - Using 'application/json', given [*/*] and supported [application/json, application/*+json]
2025-12-06 03:51:36.207 [main] DEBUG o.s.w.s.m.m.a.HttpEntityMethodProcessor - Writing [io.life.user_service.dto.auth.LoginResponse@4a084cf0]
2025-12-06 03:51:36.210 [main] DEBUG o.s.security.web.FilterChainProxy - Securing GET /api/users
2025-12-06 03:51:36.213 [main] DEBUG org.hibernate.SQL - select u1_0.id,u1_0.password_hash,u1_0.role,u1_0.username,u1_0.workstation_id from users u1_0 where u1_0.username=?
2025-12-06 03:51:36.215 [main] DEBUG o.s.security.web.FilterChainProxy - Secured GET /api/users
2025-12-06 03:51:36.215 [main] DEBUG o.s.w.s.m.m.a.RequestMappingHandlerMapping - Mapped to io.life.user_service.controller.UserController#listUsers()
2025-12-06 03:51:36.216 [main] DEBUG o.s.s.a.m.AuthorizationManagerBeforeMethodInterceptor - Authorizing method invocation ReflectiveMethodInvocation: public java.util.List io.life.user_service.controller.UserController.listUsers(); target is of class [io.life.user_service.controller.UserController]
2025-12-06 03:51:36.216 [main] DEBUG o.s.s.a.m.AuthorizationManagerBeforeMethodInterceptor - Authorized method invocation ReflectiveMethodInvocation: public java.util.List io.life.user_service.controller.UserController.listUsers(); target is of class [io.life.user_service.controller.UserController]
2025-12-06 03:51:36.217 [main] DEBUG org.hibernate.SQL - select u1_0.id,u1_0.password_hash,u1_0.role,u1_0.username,u1_0.workstation_id from users u1_0
2025-12-06 03:51:36.221 [main] DEBUG o.s.w.s.m.m.a.RequestResponseBodyMethodProcessor - Using 'application/json', given [*/*] and supported [application/json, application/*+json]
2025-12-06 03:51:36.221 [main] DEBUG o.s.w.s.m.m.a.RequestResponseBodyMethodProcessor - Writing [[io.life.user_service.dto.user.UserDto@3f06abd, io.life.user_service.dto.user.UserDto@66a74cba]]
2025-12-06 03:51:36.229 [main] DEBUG org.hibernate.SQL - select u1_0.id,u1_0.password_hash,u1_0.role,u1_0.username,u1_0.workstation_id from users u1_0
2025-12-06 03:51:36.230 [main] DEBUG org.hibernate.SQL - delete from users where id=?
2025-12-06 03:51:36.231 [main] DEBUG org.hibernate.SQL - delete from users where id=?
2025-12-06 03:51:36.239 [main] INFO  o.s.b.t.m.w.SpringBootMockServletContext - Initializing Spring TestDispatcherServlet ''
2025-12-06 03:51:36.239 [main] INFO  o.s.t.w.s.TestDispatcherServlet - Initializing Servlet ''
2025-12-06 03:51:36.240 [main] INFO  o.s.t.w.s.TestDispatcherServlet - Completed initialization in 1 ms
2025-12-06 03:51:36.301 [main] DEBUG org.hibernate.SQL - insert into users (password_hash,role,username,workstation_id,id) values (?,?,?,?,default)
2025-12-06 03:51:36.359 [main] DEBUG org.hibernate.SQL - insert into users (password_hash,role,username,workstation_id,id) values (?,?,?,?,default)
2025-12-06 03:51:36.361 [main] DEBUG o.s.security.web.FilterChainProxy - Securing POST /api/auth/login
2025-12-06 03:51:36.362 [main] DEBUG o.s.s.w.a.AnonymousAuthenticationFilter - Set SecurityContextHolder to anonymous SecurityContext
2025-12-06 03:51:36.362 [main] DEBUG o.s.security.web.FilterChainProxy - Secured POST /api/auth/login
2025-12-06 03:51:36.363 [main] DEBUG o.s.w.s.m.m.a.RequestMappingHandlerMapping - Mapped to io.life.user_service.controller.AuthController#login(LoginRequest)
2025-12-06 03:51:36.363 [main] DEBUG o.s.w.s.m.m.a.RequestResponseBodyMethodProcessor - Read "application/json" to [io.life.user_service.dto.auth.LoginRequest@1353f515]
2025-12-06 03:51:36.365 [main] DEBUG org.hibernate.SQL - select u1_0.id,u1_0.password_hash,u1_0.role,u1_0.username,u1_0.workstation_id from users u1_0 where u1_0.username=?
2025-12-06 03:51:36.422 [main] DEBUG o.s.s.a.d.DaoAuthenticationProvider - Authenticated user
2025-12-06 03:51:36.424 [main] DEBUG org.hibernate.SQL - select u1_0.id,u1_0.password_hash,u1_0.role,u1_0.username,u1_0.workstation_id from users u1_0 where u1_0.username=?
2025-12-06 03:51:36.426 [main] DEBUG o.s.w.s.m.m.a.HttpEntityMethodProcessor - Using 'application/json', given [*/*] and supported [application/json, application/*+json]
2025-12-06 03:51:36.426 [main] DEBUG o.s.w.s.m.m.a.HttpEntityMethodProcessor - Writing [io.life.user_service.dto.auth.LoginResponse@7d3f7e4b]
2025-12-06 03:51:36.427 [main] DEBUG o.s.security.web.FilterChainProxy - Securing GET /api/users/199
2025-12-06 03:51:36.431 [main] DEBUG org.hibernate.SQL - select u1_0.id,u1_0.password_hash,u1_0.role,u1_0.username,u1_0.workstation_id from users u1_0 where u1_0.username=?
2025-12-06 03:51:36.432 [main] DEBUG o.s.security.web.FilterChainProxy - Secured GET /api/users/199
2025-12-06 03:51:36.434 [main] DEBUG o.s.w.s.m.m.a.RequestMappingHandlerMapping - Mapped to io.life.user_service.controller.UserController#getUserById(Long)
2025-12-06 03:51:36.435 [main] DEBUG o.s.s.a.m.AuthorizationManagerBeforeMethodInterceptor - Authorizing method invocation ReflectiveMethodInvocation: public io.life.user_service.dto.user.UserDto io.life.user_service.controller.UserController.getUserById(java.lang.Long); target is of class [io.life.user_service.controller.UserController]
2025-12-06 03:51:36.435 [main] DEBUG o.s.s.a.m.AuthorizationManagerBeforeMethodInterceptor - Authorized method invocation ReflectiveMethodInvocation: public io.life.user_service.dto.user.UserDto io.life.user_service.controller.UserController.getUserById(java.lang.Long); target is of class [io.life.user_service.controller.UserController]
2025-12-06 03:51:36.440 [main] DEBUG org.hibernate.SQL - select u1_0.id,u1_0.password_hash,u1_0.role,u1_0.username,u1_0.workstation_id from users u1_0 where u1_0.id=?
2025-12-06 03:51:36.443 [main] DEBUG o.s.w.s.m.m.a.RequestResponseBodyMethodProcessor - Using 'application/json', given [*/*] and supported [application/json, application/*+json]
2025-12-06 03:51:36.443 [main] DEBUG o.s.w.s.m.m.a.RequestResponseBodyMethodProcessor - Writing [io.life.user_service.dto.user.UserDto@21471ca8]
2025-12-06 03:51:36.445 [main] DEBUG org.hibernate.SQL - select u1_0.id,u1_0.password_hash,u1_0.role,u1_0.username,u1_0.workstation_id from users u1_0
2025-12-06 03:51:36.446 [main] DEBUG org.hibernate.SQL - delete from users where id=?
2025-12-06 03:51:36.447 [main] DEBUG org.hibernate.SQL - delete from users where id=?
2025-12-06 03:51:36.452 [main] INFO  o.s.b.t.m.w.SpringBootMockServletContext - Initializing Spring TestDispatcherServlet ''
2025-12-06 03:51:36.452 [main] INFO  o.s.t.w.s.TestDispatcherServlet - Initializing Servlet ''
2025-12-06 03:51:36.452 [main] INFO  o.s.t.w.s.TestDispatcherServlet - Completed initialization in 0 ms
2025-12-06 03:51:36.513 [main] DEBUG org.hibernate.SQL - insert into users (password_hash,role,username,workstation_id,id) values (?,?,?,?,default)
2025-12-06 03:51:36.517 [main] DEBUG o.s.security.web.FilterChainProxy - Securing POST /api/auth/login
2025-12-06 03:51:36.518 [main] DEBUG o.s.s.w.a.AnonymousAuthenticationFilter - Set SecurityContextHolder to anonymous SecurityContext
2025-12-06 03:51:36.518 [main] DEBUG o.s.security.web.FilterChainProxy - Secured POST /api/auth/login
2025-12-06 03:51:36.518 [main] DEBUG o.s.w.s.m.m.a.RequestMappingHandlerMapping - Mapped to io.life.user_service.controller.AuthController#login(LoginRequest)
2025-12-06 03:51:36.519 [main] DEBUG o.s.w.s.m.m.a.RequestResponseBodyMethodProcessor - Read "application/json" to [io.life.user_service.dto.auth.LoginRequest@1604ad0f]
2025-12-06 03:51:36.520 [main] DEBUG org.hibernate.SQL - select u1_0.id,u1_0.password_hash,u1_0.role,u1_0.username,u1_0.workstation_id from users u1_0 where u1_0.username=?
2025-12-06 03:51:36.576 [main] DEBUG o.s.s.a.d.DaoAuthenticationProvider - Authenticated user
2025-12-06 03:51:36.579 [main] DEBUG org.hibernate.SQL - select u1_0.id,u1_0.password_hash,u1_0.role,u1_0.username,u1_0.workstation_id from users u1_0 where u1_0.username=?
2025-12-06 03:51:36.582 [main] DEBUG o.s.w.s.m.m.a.HttpEntityMethodProcessor - Using 'application/json', given [*/*] and supported [application/json, application/*+json]
2025-12-06 03:51:36.582 [main] DEBUG o.s.w.s.m.m.a.HttpEntityMethodProcessor - Writing [io.life.user_service.dto.auth.LoginResponse@4a5e1a3a]
2025-12-06 03:51:36.583 [main] DEBUG o.s.security.web.FilterChainProxy - Securing GET /api/users/me
2025-12-06 03:51:36.587 [main] DEBUG org.hibernate.SQL - select u1_0.id,u1_0.password_hash,u1_0.role,u1_0.username,u1_0.workstation_id from users u1_0 where u1_0.username=?
2025-12-06 03:51:36.588 [main] DEBUG o.s.security.web.FilterChainProxy - Secured GET /api/users/me
2025-12-06 03:51:36.589 [main] DEBUG o.s.w.s.m.m.a.RequestMappingHandlerMapping - Mapped to io.life.user_service.controller.UserController#currentUser(Authentication)
2025-12-06 03:51:36.591 [main] DEBUG org.hibernate.SQL - select u1_0.id,u1_0.password_hash,u1_0.role,u1_0.username,u1_0.workstation_id from users u1_0 where u1_0.username=?
2025-12-06 03:51:36.593 [main] DEBUG o.s.w.s.m.m.a.RequestResponseBodyMethodProcessor - Using 'application/json', given [*/*] and supported [application/json, application/*+json]
2025-12-06 03:51:36.593 [main] DEBUG o.s.w.s.m.m.a.RequestResponseBodyMethodProcessor - Writing [io.life.user_service.dto.user.UserDto@750190d0]
2025-12-06 03:51:36.595 [main] DEBUG org.hibernate.SQL - select u1_0.id,u1_0.password_hash,u1_0.role,u1_0.username,u1_0.workstation_id from users u1_0
2025-12-06 03:51:36.596 [main] DEBUG org.hibernate.SQL - delete from users where id=?
2025-12-06 03:51:36.601 [main] INFO  o.s.b.t.m.w.SpringBootMockServletContext - Initializing Spring TestDispatcherServlet ''
2025-12-06 03:51:36.601 [main] INFO  o.s.t.w.s.TestDispatcherServlet - Initializing Servlet ''
2025-12-06 03:51:36.602 [main] INFO  o.s.t.w.s.TestDispatcherServlet - Completed initialization in 1 ms
2025-12-06 03:51:36.658 [main] DEBUG org.hibernate.SQL - insert into users (password_hash,role,username,workstation_id,id) values (?,?,?,?,default)
2025-12-06 03:51:36.715 [main] DEBUG org.hibernate.SQL - insert into users (password_hash,role,username,workstation_id,id) values (?,?,?,?,default)
2025-12-06 03:51:36.717 [main] DEBUG o.s.security.web.FilterChainProxy - Securing POST /api/auth/login
2025-12-06 03:51:36.718 [main] DEBUG o.s.s.w.a.AnonymousAuthenticationFilter - Set SecurityContextHolder to anonymous SecurityContext
2025-12-06 03:51:36.718 [main] DEBUG o.s.security.web.FilterChainProxy - Secured POST /api/auth/login
2025-12-06 03:51:36.718 [main] DEBUG o.s.w.s.m.m.a.RequestMappingHandlerMapping - Mapped to io.life.user_service.controller.AuthController#login(LoginRequest)
2025-12-06 03:51:36.718 [main] DEBUG o.s.w.s.m.m.a.RequestResponseBodyMethodProcessor - Read "application/json" to [io.life.user_service.dto.auth.LoginRequest@579c24c2]
2025-12-06 03:51:36.720 [main] DEBUG org.hibernate.SQL - select u1_0.id,u1_0.password_hash,u1_0.role,u1_0.username,u1_0.workstation_id from users u1_0 where u1_0.username=?
2025-12-06 03:51:36.776 [main] DEBUG o.s.s.a.d.DaoAuthenticationProvider - Authenticated user
2025-12-06 03:51:36.778 [main] DEBUG org.hibernate.SQL - select u1_0.id,u1_0.password_hash,u1_0.role,u1_0.username,u1_0.workstation_id from users u1_0 where u1_0.username=?
2025-12-06 03:51:36.779 [main] DEBUG o.s.w.s.m.m.a.HttpEntityMethodProcessor - Using 'application/json', given [*/*] and supported [application/json, application/*+json]
2025-12-06 03:51:36.780 [main] DEBUG o.s.w.s.m.m.a.HttpEntityMethodProcessor - Writing [io.life.user_service.dto.auth.LoginResponse@58bf45ca]
2025-12-06 03:51:36.781 [main] DEBUG o.s.security.web.FilterChainProxy - Securing DELETE /api/users/202
2025-12-06 03:51:36.785 [main] DEBUG org.hibernate.SQL - select u1_0.id,u1_0.password_hash,u1_0.role,u1_0.username,u1_0.workstation_id from users u1_0 where u1_0.username=?
2025-12-06 03:51:36.786 [main] DEBUG o.s.security.web.FilterChainProxy - Secured DELETE /api/users/202
2025-12-06 03:51:36.786 [main] DEBUG o.s.w.s.m.m.a.RequestMappingHandlerMapping - Mapped to io.life.user_service.controller.UserController#deleteUser(Long)
2025-12-06 03:51:36.787 [main] DEBUG o.s.s.a.m.AuthorizationManagerBeforeMethodInterceptor - Authorizing method invocation ReflectiveMethodInvocation: public void io.life.user_service.controller.UserController.deleteUser(java.lang.Long); target is of class [io.life.user_service.controller.UserController]
2025-12-06 03:51:36.788 [main] DEBUG o.s.s.a.m.AuthorizationManagerBeforeMethodInterceptor - Authorized method invocation ReflectiveMethodInvocation: public void io.life.user_service.controller.UserController.deleteUser(java.lang.Long); target is of class [io.life.user_service.controller.UserController]
2025-12-06 03:51:37.090 [main] DEBUG org.hibernate.SQL - select count(*) from users u1_0 where u1_0.id=?
2025-12-06 03:51:37.094 [main] DEBUG org.hibernate.SQL - select u1_0.id,u1_0.password_hash,u1_0.role,u1_0.username,u1_0.workstation_id from users u1_0 where u1_0.id=?
2025-12-06 03:51:37.095 [main] DEBUG org.hibernate.SQL - delete from users where id=?
2025-12-06 03:51:37.098 [main] DEBUG org.hibernate.SQL - select u1_0.id,u1_0.password_hash,u1_0.role,u1_0.username,u1_0.workstation_id from users u1_0 where u1_0.id=?
2025-12-06 03:51:37.102 [main] DEBUG org.hibernate.SQL - select u1_0.id,u1_0.password_hash,u1_0.role,u1_0.username,u1_0.workstation_id from users u1_0
2025-12-06 03:51:37.103 [main] DEBUG org.hibernate.SQL - delete from users where id=?
2025-12-06 03:51:37.108 [main] INFO  o.s.b.t.m.w.SpringBootMockServletContext - Initializing Spring TestDispatcherServlet ''
2025-12-06 03:51:37.110 [main] INFO  o.s.t.w.s.TestDispatcherServlet - Initializing Servlet ''
2025-12-06 03:51:37.110 [main] INFO  o.s.t.w.s.TestDispatcherServlet - Completed initialization in 0 ms
2025-12-06 03:51:37.181 [main] DEBUG org.hibernate.SQL - insert into users (password_hash,role,username,workstation_id,id) values (?,?,?,?,default)
2025-12-06 03:51:37.246 [main] DEBUG org.hibernate.SQL - insert into users (password_hash,role,username,workstation_id,id) values (?,?,?,?,default)
2025-12-06 03:51:37.250 [main] DEBUG o.s.security.web.FilterChainProxy - Securing POST /api/auth/login
2025-12-06 03:51:37.250 [main] DEBUG o.s.s.w.a.AnonymousAuthenticationFilter - Set SecurityContextHolder to anonymous SecurityContext
2025-12-06 03:51:37.250 [main] DEBUG o.s.security.web.FilterChainProxy - Secured POST /api/auth/login
2025-12-06 03:51:37.251 [main] DEBUG o.s.w.s.m.m.a.RequestMappingHandlerMapping - Mapped to io.life.user_service.controller.AuthController#login(LoginRequest)
2025-12-06 03:51:37.251 [main] DEBUG o.s.w.s.m.m.a.RequestResponseBodyMethodProcessor - Read "application/json" to [io.life.user_service.dto.auth.LoginRequest@5163ba42]
2025-12-06 03:51:37.253 [main] DEBUG org.hibernate.SQL - select u1_0.id,u1_0.password_hash,u1_0.role,u1_0.username,u1_0.workstation_id from users u1_0 where u1_0.username=?
2025-12-06 03:51:37.308 [main] DEBUG o.s.s.a.d.DaoAuthenticationProvider - Authenticated user
2025-12-06 03:51:37.311 [main] DEBUG org.hibernate.SQL - select u1_0.id,u1_0.password_hash,u1_0.role,u1_0.username,u1_0.workstation_id from users u1_0 where u1_0.username=?
2025-12-06 03:51:37.313 [main] DEBUG o.s.w.s.m.m.a.HttpEntityMethodProcessor - Using 'application/json', given [*/*] and supported [application/json, application/*+json]
2025-12-06 03:51:37.313 [main] DEBUG o.s.w.s.m.m.a.HttpEntityMethodProcessor - Writing [io.life.user_service.dto.auth.LoginResponse@398efb4d]
2025-12-06 03:51:37.315 [main] DEBUG o.s.security.web.FilterChainProxy - Securing PUT /api/users/204
2025-12-06 03:51:37.320 [main] DEBUG org.hibernate.SQL - select u1_0.id,u1_0.password_hash,u1_0.role,u1_0.username,u1_0.workstation_id from users u1_0 where u1_0.username=?
2025-12-06 03:51:37.321 [main] DEBUG o.s.security.web.FilterChainProxy - Secured PUT /api/users/204
2025-12-06 03:51:37.322 [main] DEBUG o.s.w.s.m.m.a.RequestMappingHandlerMapping - Mapped to io.life.user_service.controller.UserController#updateUser(Long, UserUpdateRequest)
2025-12-06 03:51:37.323 [main] DEBUG o.s.w.s.m.m.a.RequestResponseBodyMethodProcessor - Read "application/json" to [io.life.user_service.dto.user.UserUpdateRequest@773faae8]
2025-12-06 03:51:37.325 [main] DEBUG o.s.s.a.m.AuthorizationManagerBeforeMethodInterceptor - Authorizing method invocation ReflectiveMethodInvocation: public io.life.user_service.dto.user.UserDto io.life.user_service.controller.UserController.updateUser(java.lang.Long,io.life.user_service.dto.user.UserUpdateRequest); target is of class [io.life.user_service.controller.UserController]
2025-12-06 03:51:37.326 [main] DEBUG o.s.s.a.m.AuthorizationManagerBeforeMethodInterceptor - Authorized method invocation ReflectiveMethodInvocation: public io.life.user_service.dto.user.UserDto io.life.user_service.controller.UserController.updateUser(java.lang.Long,io.life.user_service.dto.user.UserUpdateRequest); target is of class [io.life.user_service.controller.UserController]
2025-12-06 03:51:37.328 [main] DEBUG org.hibernate.SQL - select u1_0.id,u1_0.password_hash,u1_0.role,u1_0.username,u1_0.workstation_id from users u1_0 where u1_0.id=?
2025-12-06 03:51:37.392 [main] DEBUG org.hibernate.SQL - update users set password_hash=?,role=?,username=?,workstation_id=? where id=?
2025-12-06 03:51:37.395 [main] DEBUG o.s.w.s.m.m.a.RequestResponseBodyMethodProcessor - Using 'application/json', given [*/*] and supported [application/json, application/*+json]
2025-12-06 03:51:37.396 [main] DEBUG o.s.w.s.m.m.a.RequestResponseBodyMethodProcessor - Writing [io.life.user_service.dto.user.UserDto@4520c48b]
2025-12-06 03:51:37.397 [main] DEBUG o.s.security.web.FilterChainProxy - Securing POST /api/auth/login
2025-12-06 03:51:37.397 [main] DEBUG o.s.s.w.a.AnonymousAuthenticationFilter - Set SecurityContextHolder to anonymous SecurityContext
2025-12-06 03:51:37.398 [main] DEBUG o.s.security.web.FilterChainProxy - Secured POST /api/auth/login
2025-12-06 03:51:37.398 [main] DEBUG o.s.w.s.m.m.a.RequestMappingHandlerMapping - Mapped to io.life.user_service.controller.AuthController#login(LoginRequest)
2025-12-06 03:51:37.398 [main] DEBUG o.s.w.s.m.m.a.RequestResponseBodyMethodProcessor - Read "application/json" to [io.life.user_service.dto.auth.LoginRequest@4c4da7ec]
2025-12-06 03:51:37.400 [main] DEBUG org.hibernate.SQL - select u1_0.id,u1_0.password_hash,u1_0.role,u1_0.username,u1_0.workstation_id from users u1_0 where u1_0.username=?
2025-12-06 03:51:37.457 [main] DEBUG o.s.s.a.d.DaoAuthenticationProvider - Authenticated user
2025-12-06 03:51:37.458 [main] DEBUG org.hibernate.SQL - select u1_0.id,u1_0.password_hash,u1_0.role,u1_0.username,u1_0.workstation_id from users u1_0 where u1_0.username=?
2025-12-06 03:51:37.461 [main] DEBUG o.s.w.s.m.m.a.HttpEntityMethodProcessor - Using 'application/json', given [*/*] and supported [application/json, application/*+json]
2025-12-06 03:51:37.461 [main] DEBUG o.s.w.s.m.m.a.HttpEntityMethodProcessor - Writing [io.life.user_service.dto.auth.LoginResponse@20f1cf40]
2025-12-06 03:51:37.464 [main] DEBUG org.hibernate.SQL - select u1_0.id,u1_0.password_hash,u1_0.role,u1_0.username,u1_0.workstation_id from users u1_0
2025-12-06 03:51:37.465 [main] DEBUG org.hibernate.SQL - delete from users where id=?
2025-12-06 03:51:37.465 [main] DEBUG org.hibernate.SQL - delete from users where id=?
2025-12-06 03:51:37.470 [main] INFO  o.s.t.c.s.AnnotationConfigContextLoaderUtils - Could not detect default configuration classes for test class [io.life.user_service.service.UserServiceTests]: UserServiceTests does not declare any static, non-private, non-final, nested classes annotated with @Configuration.
2025-12-06 03:51:37.478 [main] INFO  o.s.b.t.c.SpringBootTestContextBootstrapper - Found @SpringBootConfiguration io.life.user_service.UserServiceApplication for test class io.life.user_service.service.UserServiceTests
2025-12-06 03:51:37.483 [main] DEBUG org.hibernate.SQL - select u1_0.id from users u1_0 where u1_0.username=? fetch first ? rows only
2025-12-06 03:51:37.542 [main] DEBUG org.hibernate.SQL - insert into users (password_hash,role,username,workstation_id,id) values (?,?,?,?,default)
2025-12-06 03:51:37.548 [main] DEBUG org.hibernate.SQL - select u1_0.id from users u1_0 where u1_0.username=? fetch first ? rows only
2025-12-06 03:51:37.553 [main] DEBUG org.hibernate.SQL - select u1_0.id,u1_0.password_hash,u1_0.role,u1_0.username,u1_0.workstation_id from users u1_0
2025-12-06 03:51:37.555 [main] DEBUG org.hibernate.SQL - delete from users where id=?
2025-12-06 03:51:37.560 [main] DEBUG org.hibernate.SQL - select u1_0.id from users u1_0 where u1_0.username=? fetch first ? rows only
2025-12-06 03:51:37.618 [main] DEBUG org.hibernate.SQL - insert into users (password_hash,role,username,workstation_id,id) values (?,?,?,?,default)
2025-12-06 03:51:37.679 [main] DEBUG org.hibernate.SQL - select u1_0.id,u1_0.password_hash,u1_0.role,u1_0.username,u1_0.workstation_id from users u1_0
2025-12-06 03:51:37.681 [main] DEBUG org.hibernate.SQL - delete from users where id=?
2025-12-06 03:51:37.687 [main] DEBUG org.hibernate.SQL - select u1_0.id from users u1_0 where u1_0.username=? fetch first ? rows only
2025-12-06 03:51:37.745 [main] DEBUG org.hibernate.SQL - insert into users (password_hash,role,username,workstation_id,id) values (?,?,?,?,default)
2025-12-06 03:51:37.748 [main] DEBUG org.hibernate.SQL - select u1_0.id,u1_0.password_hash,u1_0.role,u1_0.username,u1_0.workstation_id from users u1_0 where u1_0.username=?
2025-12-06 03:51:37.751 [main] DEBUG org.hibernate.SQL - select u1_0.id,u1_0.password_hash,u1_0.role,u1_0.username,u1_0.workstation_id from users u1_0 where u1_0.username=?
2025-12-06 03:51:37.754 [main] DEBUG org.hibernate.SQL - select u1_0.id,u1_0.password_hash,u1_0.role,u1_0.username,u1_0.workstation_id from users u1_0
2025-12-06 03:51:37.755 [main] DEBUG org.hibernate.SQL - delete from users where id=?
2025-12-06 03:51:37.759 [main] INFO  o.s.t.c.s.AnnotationConfigContextLoaderUtils - Could not detect default configuration classes for test class [io.life.user_service.UserServiceApplicationTests]: UserServiceApplicationTests does not declare any static, non-private, non-final, nested classes annotated with @Configuration.
2025-12-06 03:51:37.766 [main] INFO  o.s.b.t.c.SpringBootTestContextBootstrapper - Found @SpringBootConfiguration io.life.user_service.UserServiceApplication for test class io.life.user_service.UserServiceApplicationTests
2025-12-06 03:51:37.787 [SpringApplicationShutdownHook] DEBUG o.s.w.c.s.GenericWebApplicationContext - Closing org.springframework.web.context.support.GenericWebApplicationContext@677b8e13, started on Sat Dec 06 03:51:27 CET 2025
2025-12-06 03:51:37.791 [SpringApplicationShutdownHook] INFO  o.s.o.j.LocalContainerEntityManagerFactoryBean - Closing JPA EntityManagerFactory for persistence unit 'default'
2025-12-06 03:51:37.793 [SpringApplicationShutdownHook] INFO  com.zaxxer.hikari.HikariDataSource - HikariPool-1 - Shutdown initiated...
2025-12-06 03:51:37.795 [SpringApplicationShutdownHook] INFO  com.zaxxer.hikari.HikariDataSource - HikariPool-1 - Shutdown completed.
