2025-12-06 04:03:26.644 [main] INFO  i.l.m.MasterdataServiceApplication - Starting MasterdataServiceApplication using Java 21.0.2 with PID 21228 (E:\My Documents\DEV\Java\Project\LIFE\masterdata-service\target\classes started by nji in E:\My Documents\DEV\Java\Project\LIFE\masterdata-service)
2025-12-06 04:03:26.645 [main] DEBUG i.l.m.MasterdataServiceApplication - Running with Spring Boot v3.4.2, Spring v6.2.2
2025-12-06 04:03:26.646 [main] INFO  i.l.m.MasterdataServiceApplication - No active profile set, falling back to 1 default profile: "default"
2025-12-06 04:03:27.308 [main] INFO  o.s.d.r.c.RepositoryConfigurationDelegate - Bootstrapping Spring Data JPA repositories in DEFAULT mode.
2025-12-06 04:03:27.391 [main] INFO  o.s.d.r.c.RepositoryConfigurationDelegate - Finished Spring Data repository scanning in 75 ms. Found 4 JPA repository interfaces.
2025-12-06 04:03:28.014 [main] INFO  o.s.b.w.e.tomcat.TomcatWebServer - Tomcat initialized with port 8013 (http)
2025-12-06 04:03:28.029 [main] INFO  o.a.coyote.http11.Http11NioProtocol - Initializing ProtocolHandler ["http-nio-8013"]
2025-12-06 04:03:28.032 [main] INFO  o.a.catalina.core.StandardService - Starting service [Tomcat]
2025-12-06 04:03:28.032 [main] INFO  o.a.catalina.core.StandardEngine - Starting Servlet engine: [Apache Tomcat/10.1.34]
2025-12-06 04:03:28.096 [main] INFO  o.a.c.c.C.[Tomcat].[localhost].[/] - Initializing Spring embedded WebApplicationContext
2025-12-06 04:03:28.097 [main] INFO  o.s.b.w.s.c.ServletWebServerApplicationContext - Root WebApplicationContext: initialization completed in 1415 ms
2025-12-06 04:03:28.342 [main] INFO  o.h.jpa.internal.util.LogHelper - HHH000204: Processing PersistenceUnitInfo [name: default]
2025-12-06 04:03:28.433 [main] INFO  org.hibernate.Version - HHH000412: Hibernate ORM core version 6.6.5.Final
2025-12-06 04:03:28.485 [main] INFO  o.h.c.i.RegionFactoryInitiator - HHH000026: Second-level cache disabled
2025-12-06 04:03:28.738 [main] INFO  o.s.o.j.p.SpringPersistenceUnitInfo - No LoadTimeWeaver setup: ignoring JPA class transformer
2025-12-06 04:03:28.767 [main] INFO  com.zaxxer.hikari.HikariDataSource - HikariPool-1 - Starting...
2025-12-06 04:03:29.002 [main] INFO  com.zaxxer.hikari.pool.HikariPool - HikariPool-1 - Added connection conn0: url=jdbc:h2:file:./data/masterdata_db user=SA
2025-12-06 04:03:29.006 [main] INFO  com.zaxxer.hikari.HikariDataSource - HikariPool-1 - Start completed.
2025-12-06 04:03:29.035 [main] WARN  org.hibernate.orm.deprecation - HHH90000025: H2Dialect does not need to be specified explicitly using 'hibernate.dialect' (remove the property setting and it will be selected by default)
2025-12-06 04:03:29.057 [main] INFO  o.hibernate.orm.connections.pooling - HHH10001005: Database info:
	Database JDBC URL [Connecting through datasource 'HikariDataSource (HikariPool-1)']
	Database driver: undefined/unknown
	Database version: 2.3.232
	Autocommit mode: undefined/unknown
	Isolation level: undefined/unknown
	Minimum pool size: undefined/unknown
	Maximum pool size: undefined/unknown
2025-12-06 04:03:29.707 [main] INFO  o.h.e.t.j.p.i.JtaPlatformInitiator - HHH000489: No JTA platform available (set 'hibernate.transaction.jta.platform' to enable JTA platform integration)
2025-12-06 04:03:29.749 [main] INFO  o.s.o.j.LocalContainerEntityManagerFactoryBean - Initialized JPA EntityManagerFactory for persistence unit 'default'
2025-12-06 04:03:30.404 [main] WARN  o.s.b.a.o.j.JpaBaseConfiguration$JpaWebConfiguration - spring.jpa.open-in-view is enabled by default. Therefore, database queries may be performed during view rendering. Explicitly configure spring.jpa.open-in-view to disable this warning
2025-12-06 04:03:30.565 [main] DEBUG o.s.w.s.m.m.a.RequestMappingHandlerMapping - 6 mappings in 'requestMappingHandlerMapping'
2025-12-06 04:03:30.699 [main] DEBUG o.s.w.s.h.SimpleUrlHandlerMapping - Patterns [/webjars/**, /**] in 'resourceHandlerMapping'
2025-12-06 04:03:30.764 [main] DEBUG o.s.w.s.m.m.a.RequestMappingHandlerAdapter - ControllerAdvice beans: 0 @ModelAttribute, 0 @InitBinder, 1 RequestBodyAdvice, 1 ResponseBodyAdvice
2025-12-06 04:03:30.817 [main] DEBUG o.s.w.s.m.m.a.ExceptionHandlerExceptionResolver - ControllerAdvice beans: 1 @ExceptionHandler, 1 ResponseBodyAdvice
2025-12-06 04:03:30.873 [main] INFO  o.s.b.a.h.H2ConsoleAutoConfiguration - H2 console available at '/h2-console'. Database available at 'jdbc:h2:file:./data/masterdata_db'
2025-12-06 04:03:30.973 [main] INFO  o.a.coyote.http11.Http11NioProtocol - Starting ProtocolHandler ["http-nio-8013"]
2025-12-06 04:03:31.010 [main] INFO  o.s.b.w.e.tomcat.TomcatWebServer - Tomcat started on port 8013 (http) with context path '/'
2025-12-06 04:03:31.020 [main] INFO  i.l.m.MasterdataServiceApplication - Started MasterdataServiceApplication in 4.729 seconds (process running for 5.489)
2025-12-06 04:03:31.129 [main] DEBUG org.hibernate.SQL - select w1_0.id,w1_0.active,w1_0.description,w1_0.name,w1_0.workstation_type from workstations w1_0
2025-12-06 04:03:31.174 [main] DEBUG org.hibernate.SQL - select pv1_0.id,pv1_0.description,pv1_0.estimated_time_minutes,pv1_0.name,pv1_0.price from product_variants pv1_0
2025-12-06 04:03:31.179 [main] DEBUG org.hibernate.SQL - select m1_0.id,m1_0.description,m1_0.name,m1_0.type from modules m1_0
2025-12-06 04:03:31.182 [main] DEBUG org.hibernate.SQL - select p1_0.id,p1_0.category,p1_0.description,p1_0.name,p1_0.unit_cost from parts p1_0
2025-12-06 04:05:02.868 [http-nio-8013-exec-1] INFO  o.a.c.c.C.[Tomcat].[localhost].[/] - Initializing Spring DispatcherServlet 'dispatcherServlet'
2025-12-06 04:05:02.868 [http-nio-8013-exec-1] INFO  o.s.web.servlet.DispatcherServlet - Initializing Servlet 'dispatcherServlet'
2025-12-06 04:05:02.868 [http-nio-8013-exec-1] DEBUG o.s.web.servlet.DispatcherServlet - Detected StandardServletMultipartResolver
2025-12-06 04:05:02.868 [http-nio-8013-exec-1] DEBUG o.s.web.servlet.DispatcherServlet - Detected AcceptHeaderLocaleResolver
2025-12-06 04:05:02.868 [http-nio-8013-exec-1] DEBUG o.s.web.servlet.DispatcherServlet - Detected FixedThemeResolver
2025-12-06 04:05:02.868 [http-nio-8013-exec-1] DEBUG o.s.web.servlet.DispatcherServlet - Detected org.springframework.web.servlet.view.DefaultRequestToViewNameTranslator@178c4480
2025-12-06 04:05:02.868 [http-nio-8013-exec-1] DEBUG o.s.web.servlet.DispatcherServlet - Detected org.springframework.web.servlet.support.SessionFlashMapManager@2468c0e4
2025-12-06 04:05:02.868 [http-nio-8013-exec-1] DEBUG o.s.web.servlet.DispatcherServlet - enableLoggingRequestDetails='false': request parameters and headers will be masked to prevent unsafe logging of potentially sensitive data
2025-12-06 04:05:02.868 [http-nio-8013-exec-1] INFO  o.s.web.servlet.DispatcherServlet - Completed initialization in 0 ms
2025-12-06 04:05:02.887 [http-nio-8013-exec-1] DEBUG o.s.web.servlet.DispatcherServlet - GET "/api/masterdata/workstations", parameters={}
2025-12-06 04:05:02.904 [http-nio-8013-exec-1] DEBUG o.s.w.s.m.m.a.RequestMappingHandlerMapping - Mapped to io.life.masterdata.controller.MasterdataController#getWorkstations()
2025-12-06 04:05:02.925 [http-nio-8013-exec-1] DEBUG org.hibernate.SQL - select w1_0.id,w1_0.active,w1_0.description,w1_0.name,w1_0.workstation_type from workstations w1_0
2025-12-06 04:05:02.950 [http-nio-8013-exec-1] DEBUG o.s.w.s.m.m.a.RequestResponseBodyMethodProcessor - Using 'application/json', given [application/json, text/plain, */*] and supported [application/json, application/*+json]
2025-12-06 04:05:02.952 [http-nio-8013-exec-1] DEBUG o.s.w.s.m.m.a.RequestResponseBodyMethodProcessor - Writing [[WorkstationDto(id=1, name=Injection Molding Station 1, workstationType=MANUFACTURING, description=P (truncated)...]
2025-12-06 04:05:03.012 [http-nio-8013-exec-1] DEBUG o.s.web.servlet.DispatcherServlet - Completed 200 OK
2025-12-06 04:05:03.026 [http-nio-8013-exec-3] DEBUG o.s.web.servlet.DispatcherServlet - GET "/api/masterdata/workstations", parameters={}
2025-12-06 04:05:03.026 [http-nio-8013-exec-3] DEBUG o.s.w.s.m.m.a.RequestMappingHandlerMapping - Mapped to io.life.masterdata.controller.MasterdataController#getWorkstations()
2025-12-06 04:05:03.031 [http-nio-8013-exec-3] DEBUG org.hibernate.SQL - select w1_0.id,w1_0.active,w1_0.description,w1_0.name,w1_0.workstation_type from workstations w1_0
2025-12-06 04:05:03.035 [http-nio-8013-exec-3] DEBUG o.s.w.s.m.m.a.RequestResponseBodyMethodProcessor - Using 'application/json', given [application/json, text/plain, */*] and supported [application/json, application/*+json]
2025-12-06 04:05:03.036 [http-nio-8013-exec-3] DEBUG o.s.w.s.m.m.a.RequestResponseBodyMethodProcessor - Writing [[WorkstationDto(id=1, name=Injection Molding Station 1, workstationType=MANUFACTURING, description=P (truncated)...]
2025-12-06 04:05:03.037 [http-nio-8013-exec-3] DEBUG o.s.web.servlet.DispatcherServlet - Completed 200 OK
2025-12-06 04:05:05.574 [http-nio-8013-exec-2] DEBUG o.s.web.servlet.DispatcherServlet - GET "/api/masterdata/workstations", parameters={}
2025-12-06 04:05:05.575 [http-nio-8013-exec-2] DEBUG o.s.w.s.m.m.a.RequestMappingHandlerMapping - Mapped to io.life.masterdata.controller.MasterdataController#getWorkstations()
2025-12-06 04:05:05.579 [http-nio-8013-exec-2] DEBUG org.hibernate.SQL - select w1_0.id,w1_0.active,w1_0.description,w1_0.name,w1_0.workstation_type from workstations w1_0
2025-12-06 04:05:05.582 [http-nio-8013-exec-2] DEBUG o.s.w.s.m.m.a.RequestResponseBodyMethodProcessor - Using 'application/json', given [application/json, text/plain, */*] and supported [application/json, application/*+json]
2025-12-06 04:05:05.583 [http-nio-8013-exec-2] DEBUG o.s.w.s.m.m.a.RequestResponseBodyMethodProcessor - Writing [[WorkstationDto(id=1, name=Injection Molding Station 1, workstationType=MANUFACTURING, description=P (truncated)...]
2025-12-06 04:05:05.585 [http-nio-8013-exec-2] DEBUG o.s.web.servlet.DispatcherServlet - Completed 200 OK
2025-12-06 04:05:05.603 [http-nio-8013-exec-4] DEBUG o.s.web.servlet.DispatcherServlet - GET "/api/masterdata/workstations", parameters={}
2025-12-06 04:05:05.603 [http-nio-8013-exec-4] DEBUG o.s.w.s.m.m.a.RequestMappingHandlerMapping - Mapped to io.life.masterdata.controller.MasterdataController#getWorkstations()
2025-12-06 04:05:05.606 [http-nio-8013-exec-4] DEBUG org.hibernate.SQL - select w1_0.id,w1_0.active,w1_0.description,w1_0.name,w1_0.workstation_type from workstations w1_0
2025-12-06 04:05:05.608 [http-nio-8013-exec-4] DEBUG o.s.w.s.m.m.a.RequestResponseBodyMethodProcessor - Using 'application/json', given [application/json, text/plain, */*] and supported [application/json, application/*+json]
2025-12-06 04:05:05.609 [http-nio-8013-exec-4] DEBUG o.s.w.s.m.m.a.RequestResponseBodyMethodProcessor - Writing [[WorkstationDto(id=1, name=Injection Molding Station 1, workstationType=MANUFACTURING, description=P (truncated)...]
2025-12-06 04:05:05.611 [http-nio-8013-exec-4] DEBUG o.s.web.servlet.DispatcherServlet - Completed 200 OK
2025-12-06 04:05:18.962 [http-nio-8013-exec-5] DEBUG o.s.web.servlet.DispatcherServlet - GET "/api/masterdata/workstations", parameters={}
2025-12-06 04:05:18.962 [http-nio-8013-exec-5] DEBUG o.s.w.s.m.m.a.RequestMappingHandlerMapping - Mapped to io.life.masterdata.controller.MasterdataController#getWorkstations()
2025-12-06 04:05:18.963 [http-nio-8013-exec-5] DEBUG org.hibernate.SQL - select w1_0.id,w1_0.active,w1_0.description,w1_0.name,w1_0.workstation_type from workstations w1_0
2025-12-06 04:05:18.963 [http-nio-8013-exec-5] DEBUG o.s.w.s.m.m.a.RequestResponseBodyMethodProcessor - Using 'application/json', given [application/json, text/plain, */*] and supported [application/json, application/*+json]
2025-12-06 04:05:18.963 [http-nio-8013-exec-5] DEBUG o.s.w.s.m.m.a.RequestResponseBodyMethodProcessor - Writing [[WorkstationDto(id=1, name=Injection Molding Station 1, workstationType=MANUFACTURING, description=P (truncated)...]
2025-12-06 04:05:18.970 [http-nio-8013-exec-5] DEBUG o.s.web.servlet.DispatcherServlet - Completed 200 OK
2025-12-06 04:05:18.981 [http-nio-8013-exec-6] DEBUG o.s.web.servlet.DispatcherServlet - GET "/api/masterdata/workstations", parameters={}
2025-12-06 04:05:18.982 [http-nio-8013-exec-6] DEBUG o.s.w.s.m.m.a.RequestMappingHandlerMapping - Mapped to io.life.masterdata.controller.MasterdataController#getWorkstations()
2025-12-06 04:05:18.984 [http-nio-8013-exec-6] DEBUG org.hibernate.SQL - select w1_0.id,w1_0.active,w1_0.description,w1_0.name,w1_0.workstation_type from workstations w1_0
2025-12-06 04:05:18.987 [http-nio-8013-exec-6] DEBUG o.s.w.s.m.m.a.RequestResponseBodyMethodProcessor - Using 'application/json', given [application/json, text/plain, */*] and supported [application/json, application/*+json]
2025-12-06 04:05:18.987 [http-nio-8013-exec-6] DEBUG o.s.w.s.m.m.a.RequestResponseBodyMethodProcessor - Writing [[WorkstationDto(id=1, name=Injection Molding Station 1, workstationType=MANUFACTURING, description=P (truncated)...]
2025-12-06 04:05:18.989 [http-nio-8013-exec-6] DEBUG o.s.web.servlet.DispatcherServlet - Completed 200 OK
2025-12-06 04:05:37.570 [http-nio-8013-exec-7] DEBUG o.s.web.servlet.DispatcherServlet - GET "/api/masterdata/product-variants", parameters={}
2025-12-06 04:05:37.571 [http-nio-8013-exec-7] DEBUG o.s.w.s.m.m.a.RequestMappingHandlerMapping - Mapped to io.life.masterdata.controller.MasterdataController#getProductVariants()
2025-12-06 04:05:37.573 [http-nio-8013-exec-7] DEBUG org.hibernate.SQL - select pv1_0.id,pv1_0.description,pv1_0.estimated_time_minutes,pv1_0.name,pv1_0.price from product_variants pv1_0
2025-12-06 04:05:37.580 [http-nio-8013-exec-7] DEBUG o.s.w.s.m.m.a.RequestResponseBodyMethodProcessor - Using 'application/json', given [application/json, text/plain, */*] and supported [application/json, application/*+json]
2025-12-06 04:05:37.581 [http-nio-8013-exec-7] DEBUG o.s.w.s.m.m.a.RequestResponseBodyMethodProcessor - Writing [[ProductVariantDto(id=1, name=Technic Truck Yellow, description=Yellow LEGO Technic truck, price=149 (truncated)...]
2025-12-06 04:05:37.595 [http-nio-8013-exec-7] DEBUG o.s.web.servlet.DispatcherServlet - Completed 200 OK
2025-12-06 04:05:37.614 [http-nio-8013-exec-8] DEBUG o.s.web.servlet.DispatcherServlet - GET "/api/masterdata/product-variants", parameters={}
2025-12-06 04:05:37.614 [http-nio-8013-exec-8] DEBUG o.s.w.s.m.m.a.RequestMappingHandlerMapping - Mapped to io.life.masterdata.controller.MasterdataController#getProductVariants()
2025-12-06 04:05:37.619 [http-nio-8013-exec-8] DEBUG org.hibernate.SQL - select pv1_0.id,pv1_0.description,pv1_0.estimated_time_minutes,pv1_0.name,pv1_0.price from product_variants pv1_0
2025-12-06 04:05:37.625 [http-nio-8013-exec-8] DEBUG o.s.w.s.m.m.a.RequestResponseBodyMethodProcessor - Using 'application/json', given [application/json, text/plain, */*] and supported [application/json, application/*+json]
2025-12-06 04:05:37.626 [http-nio-8013-exec-8] DEBUG o.s.w.s.m.m.a.RequestResponseBodyMethodProcessor - Writing [[ProductVariantDto(id=1, name=Technic Truck Yellow, description=Yellow LEGO Technic truck, price=149 (truncated)...]
2025-12-06 04:05:37.627 [http-nio-8013-exec-8] DEBUG o.s.web.servlet.DispatcherServlet - Completed 200 OK
2025-12-06 04:06:16.401 [http-nio-8013-exec-9] DEBUG o.s.web.servlet.DispatcherServlet - GET "/api/masterdata/product-variants", parameters={}
2025-12-06 04:06:16.401 [http-nio-8013-exec-9] DEBUG o.s.w.s.m.m.a.RequestMappingHandlerMapping - Mapped to io.life.masterdata.controller.MasterdataController#getProductVariants()
2025-12-06 04:06:16.404 [http-nio-8013-exec-9] DEBUG org.hibernate.SQL - select pv1_0.id,pv1_0.description,pv1_0.estimated_time_minutes,pv1_0.name,pv1_0.price from product_variants pv1_0
2025-12-06 04:06:16.406 [http-nio-8013-exec-9] DEBUG o.s.w.s.m.m.a.RequestResponseBodyMethodProcessor - Using 'application/json', given [application/json, text/plain, */*] and supported [application/json, application/*+json]
2025-12-06 04:06:16.407 [http-nio-8013-exec-9] DEBUG o.s.w.s.m.m.a.RequestResponseBodyMethodProcessor - Writing [[ProductVariantDto(id=1, name=Technic Truck Yellow, description=Yellow LEGO Technic truck, price=149 (truncated)...]
2025-12-06 04:06:16.408 [http-nio-8013-exec-9] DEBUG o.s.web.servlet.DispatcherServlet - Completed 200 OK
2025-12-06 04:06:16.417 [http-nio-8013-exec-10] DEBUG o.s.web.servlet.DispatcherServlet - GET "/api/masterdata/product-variants", parameters={}
2025-12-06 04:06:16.418 [http-nio-8013-exec-10] DEBUG o.s.w.s.m.m.a.RequestMappingHandlerMapping - Mapped to io.life.masterdata.controller.MasterdataController#getProductVariants()
2025-12-06 04:06:16.420 [http-nio-8013-exec-10] DEBUG org.hibernate.SQL - select pv1_0.id,pv1_0.description,pv1_0.estimated_time_minutes,pv1_0.name,pv1_0.price from product_variants pv1_0
2025-12-06 04:06:16.423 [http-nio-8013-exec-10] DEBUG o.s.w.s.m.m.a.RequestResponseBodyMethodProcessor - Using 'application/json', given [application/json, text/plain, */*] and supported [application/json, application/*+json]
2025-12-06 04:06:16.424 [http-nio-8013-exec-10] DEBUG o.s.w.s.m.m.a.RequestResponseBodyMethodProcessor - Writing [[ProductVariantDto(id=1, name=Technic Truck Yellow, description=Yellow LEGO Technic truck, price=149 (truncated)...]
2025-12-06 04:06:16.425 [http-nio-8013-exec-10] DEBUG o.s.web.servlet.DispatcherServlet - Completed 200 OK
2025-12-06 04:06:18.015 [http-nio-8013-exec-1] DEBUG o.s.web.servlet.DispatcherServlet - GET "/api/masterdata/workstations", parameters={}
2025-12-06 04:06:18.016 [http-nio-8013-exec-1] DEBUG o.s.w.s.m.m.a.RequestMappingHandlerMapping - Mapped to io.life.masterdata.controller.MasterdataController#getWorkstations()
2025-12-06 04:06:18.018 [http-nio-8013-exec-1] DEBUG org.hibernate.SQL - select w1_0.id,w1_0.active,w1_0.description,w1_0.name,w1_0.workstation_type from workstations w1_0
2025-12-06 04:06:18.021 [http-nio-8013-exec-1] DEBUG o.s.w.s.m.m.a.RequestResponseBodyMethodProcessor - Using 'application/json', given [application/json, text/plain, */*] and supported [application/json, application/*+json]
2025-12-06 04:06:18.021 [http-nio-8013-exec-1] DEBUG o.s.w.s.m.m.a.RequestResponseBodyMethodProcessor - Writing [[WorkstationDto(id=1, name=Injection Molding Station 1, workstationType=MANUFACTURING, description=P (truncated)...]
2025-12-06 04:06:18.023 [http-nio-8013-exec-1] DEBUG o.s.web.servlet.DispatcherServlet - Completed 200 OK
2025-12-06 04:06:18.043 [http-nio-8013-exec-3] DEBUG o.s.web.servlet.DispatcherServlet - GET "/api/masterdata/workstations", parameters={}
2025-12-06 04:06:18.044 [http-nio-8013-exec-3] DEBUG o.s.w.s.m.m.a.RequestMappingHandlerMapping - Mapped to io.life.masterdata.controller.MasterdataController#getWorkstations()
2025-12-06 04:06:18.046 [http-nio-8013-exec-3] DEBUG org.hibernate.SQL - select w1_0.id,w1_0.active,w1_0.description,w1_0.name,w1_0.workstation_type from workstations w1_0
2025-12-06 04:06:18.048 [http-nio-8013-exec-3] DEBUG o.s.w.s.m.m.a.RequestResponseBodyMethodProcessor - Using 'application/json', given [application/json, text/plain, */*] and supported [application/json, application/*+json]
2025-12-06 04:06:18.049 [http-nio-8013-exec-3] DEBUG o.s.w.s.m.m.a.RequestResponseBodyMethodProcessor - Writing [[WorkstationDto(id=1, name=Injection Molding Station 1, workstationType=MANUFACTURING, description=P (truncated)...]
2025-12-06 04:06:18.050 [http-nio-8013-exec-3] DEBUG o.s.web.servlet.DispatcherServlet - Completed 200 OK
2025-12-06 04:06:20.860 [http-nio-8013-exec-2] DEBUG o.s.web.servlet.DispatcherServlet - GET "/api/masterdata/product-variants", parameters={}
2025-12-06 04:06:20.860 [http-nio-8013-exec-2] DEBUG o.s.w.s.m.m.a.RequestMappingHandlerMapping - Mapped to io.life.masterdata.controller.MasterdataController#getProductVariants()
2025-12-06 04:06:20.863 [http-nio-8013-exec-2] DEBUG org.hibernate.SQL - select pv1_0.id,pv1_0.description,pv1_0.estimated_time_minutes,pv1_0.name,pv1_0.price from product_variants pv1_0
2025-12-06 04:06:20.865 [http-nio-8013-exec-2] DEBUG o.s.w.s.m.m.a.RequestResponseBodyMethodProcessor - Using 'application/json', given [application/json, text/plain, */*] and supported [application/json, application/*+json]
2025-12-06 04:06:20.866 [http-nio-8013-exec-2] DEBUG o.s.w.s.m.m.a.RequestResponseBodyMethodProcessor - Writing [[ProductVariantDto(id=1, name=Technic Truck Yellow, description=Yellow LEGO Technic truck, price=149 (truncated)...]
2025-12-06 04:06:20.868 [http-nio-8013-exec-2] DEBUG o.s.web.servlet.DispatcherServlet - Completed 200 OK
2025-12-06 04:06:20.875 [http-nio-8013-exec-4] DEBUG o.s.web.servlet.DispatcherServlet - GET "/api/masterdata/product-variants", parameters={}
2025-12-06 04:06:20.876 [http-nio-8013-exec-4] DEBUG o.s.w.s.m.m.a.RequestMappingHandlerMapping - Mapped to io.life.masterdata.controller.MasterdataController#getProductVariants()
2025-12-06 04:06:20.879 [http-nio-8013-exec-4] DEBUG org.hibernate.SQL - select pv1_0.id,pv1_0.description,pv1_0.estimated_time_minutes,pv1_0.name,pv1_0.price from product_variants pv1_0
2025-12-06 04:06:20.881 [http-nio-8013-exec-4] DEBUG o.s.w.s.m.m.a.RequestResponseBodyMethodProcessor - Using 'application/json', given [application/json, text/plain, */*] and supported [application/json, application/*+json]
2025-12-06 04:06:20.881 [http-nio-8013-exec-4] DEBUG o.s.w.s.m.m.a.RequestResponseBodyMethodProcessor - Writing [[ProductVariantDto(id=1, name=Technic Truck Yellow, description=Yellow LEGO Technic truck, price=149 (truncated)...]
2025-12-06 04:06:20.884 [http-nio-8013-exec-4] DEBUG o.s.web.servlet.DispatcherServlet - Completed 200 OK
2025-12-06 04:09:58.911 [http-nio-8013-exec-6] DEBUG o.s.web.servlet.DispatcherServlet - GET "/api/masterdata/product-variants", parameters={}
2025-12-06 04:09:58.912 [http-nio-8013-exec-6] DEBUG o.s.w.s.m.m.a.RequestMappingHandlerMapping - Mapped to io.life.masterdata.controller.MasterdataController#getProductVariants()
2025-12-06 04:09:58.915 [http-nio-8013-exec-6] DEBUG org.hibernate.SQL - select pv1_0.id,pv1_0.description,pv1_0.estimated_time_minutes,pv1_0.name,pv1_0.price from product_variants pv1_0
2025-12-06 04:09:58.915 [http-nio-8013-exec-8] DEBUG o.s.web.servlet.DispatcherServlet - GET "/api/masterdata/modules", parameters={}
2025-12-06 04:09:58.915 [http-nio-8013-exec-7] DEBUG o.s.web.servlet.DispatcherServlet - GET "/api/masterdata/parts", parameters={}
2025-12-06 04:09:58.915 [http-nio-8013-exec-8] DEBUG o.s.w.s.m.m.a.RequestMappingHandlerMapping - Mapped to io.life.masterdata.controller.MasterdataController#getModules()
2025-12-06 04:09:58.916 [http-nio-8013-exec-7] DEBUG o.s.w.s.m.m.a.RequestMappingHandlerMapping - Mapped to io.life.masterdata.controller.MasterdataController#getParts()
2025-12-06 04:09:58.917 [http-nio-8013-exec-6] DEBUG o.s.w.s.m.m.a.RequestResponseBodyMethodProcessor - Using 'application/json', given [application/json, text/plain, */*] and supported [application/json, application/*+json]
2025-12-06 04:09:58.917 [http-nio-8013-exec-6] DEBUG o.s.w.s.m.m.a.RequestResponseBodyMethodProcessor - Writing [[ProductVariantDto(id=1, name=Technic Truck Yellow, description=Yellow LEGO Technic truck, price=149 (truncated)...]
2025-12-06 04:09:58.917 [http-nio-8013-exec-8] DEBUG org.hibernate.SQL - select m1_0.id,m1_0.description,m1_0.name,m1_0.type from modules m1_0
2025-12-06 04:09:58.917 [http-nio-8013-exec-7] DEBUG org.hibernate.SQL - select p1_0.id,p1_0.category,p1_0.description,p1_0.name,p1_0.unit_cost from parts p1_0
2025-12-06 04:09:58.918 [http-nio-8013-exec-6] DEBUG o.s.web.servlet.DispatcherServlet - Completed 200 OK
2025-12-06 04:09:58.922 [http-nio-8013-exec-7] DEBUG o.s.w.s.m.m.a.RequestResponseBodyMethodProcessor - Using 'application/json', given [application/json, text/plain, */*] and supported [application/json, application/*+json]
2025-12-06 04:09:58.922 [http-nio-8013-exec-8] DEBUG o.s.w.s.m.m.a.RequestResponseBodyMethodProcessor - Using 'application/json', given [application/json, text/plain, */*] and supported [application/json, application/*+json]
2025-12-06 04:09:58.923 [http-nio-8013-exec-8] DEBUG o.s.w.s.m.m.a.RequestResponseBodyMethodProcessor - Writing [[ModuleDto(id=1, name=Chassis Module, description=Main structural frame, type=MECHANICAL), ModuleDto (truncated)...]
2025-12-06 04:09:58.923 [http-nio-8013-exec-7] DEBUG o.s.w.s.m.m.a.RequestResponseBodyMethodProcessor - Writing [[PartDto(id=1, name=Brick 2x4, description=Standard building brick, category=STRUCTURAL, unitCost=0. (truncated)...]
2025-12-06 04:09:58.927 [http-nio-8013-exec-8] DEBUG o.s.web.servlet.DispatcherServlet - Completed 200 OK
2025-12-06 04:09:58.927 [http-nio-8013-exec-7] DEBUG o.s.web.servlet.DispatcherServlet - Completed 200 OK
2025-12-06 04:09:58.927 [http-nio-8013-exec-9] DEBUG o.s.web.servlet.DispatcherServlet - GET "/api/masterdata/product-variants", parameters={}
2025-12-06 04:09:58.927 [http-nio-8013-exec-9] DEBUG o.s.w.s.m.m.a.RequestMappingHandlerMapping - Mapped to io.life.masterdata.controller.MasterdataController#getProductVariants()
2025-12-06 04:09:58.930 [http-nio-8013-exec-9] DEBUG org.hibernate.SQL - select pv1_0.id,pv1_0.description,pv1_0.estimated_time_minutes,pv1_0.name,pv1_0.price from product_variants pv1_0
2025-12-06 04:09:58.933 [http-nio-8013-exec-9] DEBUG o.s.w.s.m.m.a.RequestResponseBodyMethodProcessor - Using 'application/json', given [application/json, text/plain, */*] and supported [application/json, application/*+json]
2025-12-06 04:09:58.934 [http-nio-8013-exec-9] DEBUG o.s.w.s.m.m.a.RequestResponseBodyMethodProcessor - Writing [[ProductVariantDto(id=1, name=Technic Truck Yellow, description=Yellow LEGO Technic truck, price=149 (truncated)...]
2025-12-06 04:09:58.934 [http-nio-8013-exec-1] DEBUG o.s.web.servlet.DispatcherServlet - GET "/api/masterdata/modules", parameters={}
2025-12-06 04:09:58.934 [http-nio-8013-exec-10] DEBUG o.s.web.servlet.DispatcherServlet - GET "/api/masterdata/parts", parameters={}
2025-12-06 04:09:58.935 [http-nio-8013-exec-10] DEBUG o.s.w.s.m.m.a.RequestMappingHandlerMapping - Mapped to io.life.masterdata.controller.MasterdataController#getParts()
2025-12-06 04:09:58.935 [http-nio-8013-exec-1] DEBUG o.s.w.s.m.m.a.RequestMappingHandlerMapping - Mapped to io.life.masterdata.controller.MasterdataController#getModules()
2025-12-06 04:09:58.935 [http-nio-8013-exec-9] DEBUG o.s.web.servlet.DispatcherServlet - Completed 200 OK
2025-12-06 04:09:58.937 [http-nio-8013-exec-10] DEBUG org.hibernate.SQL - select p1_0.id,p1_0.category,p1_0.description,p1_0.name,p1_0.unit_cost from parts p1_0
2025-12-06 04:09:58.937 [http-nio-8013-exec-1] DEBUG org.hibernate.SQL - select m1_0.id,m1_0.description,m1_0.name,m1_0.type from modules m1_0
2025-12-06 04:09:58.939 [http-nio-8013-exec-1] DEBUG o.s.w.s.m.m.a.RequestResponseBodyMethodProcessor - Using 'application/json', given [application/json, text/plain, */*] and supported [application/json, application/*+json]
2025-12-06 04:09:58.939 [http-nio-8013-exec-10] DEBUG o.s.w.s.m.m.a.RequestResponseBodyMethodProcessor - Using 'application/json', given [application/json, text/plain, */*] and supported [application/json, application/*+json]
2025-12-06 04:09:58.939 [http-nio-8013-exec-1] DEBUG o.s.w.s.m.m.a.RequestResponseBodyMethodProcessor - Writing [[ModuleDto(id=1, name=Chassis Module, description=Main structural frame, type=MECHANICAL), ModuleDto (truncated)...]
2025-12-06 04:09:58.939 [http-nio-8013-exec-10] DEBUG o.s.w.s.m.m.a.RequestResponseBodyMethodProcessor - Writing [[PartDto(id=1, name=Brick 2x4, description=Standard building brick, category=STRUCTURAL, unitCost=0. (truncated)...]
2025-12-06 04:09:58.940 [http-nio-8013-exec-10] DEBUG o.s.web.servlet.DispatcherServlet - Completed 200 OK
2025-12-06 04:09:58.940 [http-nio-8013-exec-1] DEBUG o.s.web.servlet.DispatcherServlet - Completed 200 OK
2025-12-06 04:11:49.901 [http-nio-8013-exec-6] DEBUG o.s.web.servlet.DispatcherServlet - GET "/api/masterdata/parts", parameters={}
2025-12-06 04:11:49.901 [http-nio-8013-exec-7] DEBUG o.s.web.servlet.DispatcherServlet - GET "/api/masterdata/product-variants", parameters={}
2025-12-06 04:11:49.901 [http-nio-8013-exec-5] DEBUG o.s.web.servlet.DispatcherServlet - GET "/api/masterdata/modules", parameters={}
2025-12-06 04:11:49.902 [http-nio-8013-exec-7] DEBUG o.s.w.s.m.m.a.RequestMappingHandlerMapping - Mapped to io.life.masterdata.controller.MasterdataController#getProductVariants()
2025-12-06 04:11:49.902 [http-nio-8013-exec-5] DEBUG o.s.w.s.m.m.a.RequestMappingHandlerMapping - Mapped to io.life.masterdata.controller.MasterdataController#getModules()
2025-12-06 04:11:49.902 [http-nio-8013-exec-6] DEBUG o.s.w.s.m.m.a.RequestMappingHandlerMapping - Mapped to io.life.masterdata.controller.MasterdataController#getParts()
2025-12-06 04:11:49.904 [http-nio-8013-exec-7] DEBUG org.hibernate.SQL - select pv1_0.id,pv1_0.description,pv1_0.estimated_time_minutes,pv1_0.name,pv1_0.price from product_variants pv1_0
2025-12-06 04:11:49.904 [http-nio-8013-exec-5] DEBUG org.hibernate.SQL - select m1_0.id,m1_0.description,m1_0.name,m1_0.type from modules m1_0
2025-12-06 04:11:49.904 [http-nio-8013-exec-6] DEBUG org.hibernate.SQL - select p1_0.id,p1_0.category,p1_0.description,p1_0.name,p1_0.unit_cost from parts p1_0
2025-12-06 04:11:49.905 [http-nio-8013-exec-5] DEBUG o.s.w.s.m.m.a.RequestResponseBodyMethodProcessor - Using 'application/json', given [application/json, text/plain, */*] and supported [application/json, application/*+json]
2025-12-06 04:11:49.905 [http-nio-8013-exec-7] DEBUG o.s.w.s.m.m.a.RequestResponseBodyMethodProcessor - Using 'application/json', given [application/json, text/plain, */*] and supported [application/json, application/*+json]
2025-12-06 04:11:49.905 [http-nio-8013-exec-6] DEBUG o.s.w.s.m.m.a.RequestResponseBodyMethodProcessor - Using 'application/json', given [application/json, text/plain, */*] and supported [application/json, application/*+json]
2025-12-06 04:11:49.906 [http-nio-8013-exec-5] DEBUG o.s.w.s.m.m.a.RequestResponseBodyMethodProcessor - Writing [[ModuleDto(id=1, name=Chassis Module, description=Main structural frame, type=MECHANICAL), ModuleDto (truncated)...]
2025-12-06 04:11:49.906 [http-nio-8013-exec-7] DEBUG o.s.w.s.m.m.a.RequestResponseBodyMethodProcessor - Writing [[ProductVariantDto(id=1, name=Technic Truck Yellow, description=Yellow LEGO Technic truck, price=149 (truncated)...]
2025-12-06 04:11:49.906 [http-nio-8013-exec-6] DEBUG o.s.w.s.m.m.a.RequestResponseBodyMethodProcessor - Writing [[PartDto(id=1, name=Brick 2x4, description=Standard building brick, category=STRUCTURAL, unitCost=0. (truncated)...]
2025-12-06 04:11:49.907 [http-nio-8013-exec-5] DEBUG o.s.web.servlet.DispatcherServlet - Completed 200 OK
2025-12-06 04:11:49.907 [http-nio-8013-exec-7] DEBUG o.s.web.servlet.DispatcherServlet - Completed 200 OK
2025-12-06 04:11:49.907 [http-nio-8013-exec-6] DEBUG o.s.web.servlet.DispatcherServlet - Completed 200 OK
2025-12-06 04:11:54.132 [http-nio-8013-exec-1] DEBUG o.s.web.servlet.DispatcherServlet - GET "/api/masterdata/modules", parameters={}
2025-12-06 04:11:54.132 [http-nio-8013-exec-8] DEBUG o.s.web.servlet.DispatcherServlet - GET "/api/masterdata/product-variants", parameters={}
2025-12-06 04:11:54.132 [http-nio-8013-exec-9] DEBUG o.s.web.servlet.DispatcherServlet - GET "/api/masterdata/parts", parameters={}
2025-12-06 04:11:54.132 [http-nio-8013-exec-1] DEBUG o.s.w.s.m.m.a.RequestMappingHandlerMapping - Mapped to io.life.masterdata.controller.MasterdataController#getModules()
2025-12-06 04:11:54.132 [http-nio-8013-exec-8] DEBUG o.s.w.s.m.m.a.RequestMappingHandlerMapping - Mapped to io.life.masterdata.controller.MasterdataController#getProductVariants()
2025-12-06 04:11:54.132 [http-nio-8013-exec-9] DEBUG o.s.w.s.m.m.a.RequestMappingHandlerMapping - Mapped to io.life.masterdata.controller.MasterdataController#getParts()
2025-12-06 04:11:54.135 [http-nio-8013-exec-1] DEBUG org.hibernate.SQL - select m1_0.id,m1_0.description,m1_0.name,m1_0.type from modules m1_0
2025-12-06 04:11:54.135 [http-nio-8013-exec-9] DEBUG org.hibernate.SQL - select p1_0.id,p1_0.category,p1_0.description,p1_0.name,p1_0.unit_cost from parts p1_0
2025-12-06 04:11:54.135 [http-nio-8013-exec-8] DEBUG org.hibernate.SQL - select pv1_0.id,pv1_0.description,pv1_0.estimated_time_minutes,pv1_0.name,pv1_0.price from product_variants pv1_0
2025-12-06 04:11:54.136 [http-nio-8013-exec-1] DEBUG o.s.w.s.m.m.a.RequestResponseBodyMethodProcessor - Using 'application/json', given [application/json, text/plain, */*] and supported [application/json, application/*+json]
2025-12-06 04:11:54.136 [http-nio-8013-exec-8] DEBUG o.s.w.s.m.m.a.RequestResponseBodyMethodProcessor - Using 'application/json', given [application/json, text/plain, */*] and supported [application/json, application/*+json]
2025-12-06 04:11:54.136 [http-nio-8013-exec-9] DEBUG o.s.w.s.m.m.a.RequestResponseBodyMethodProcessor - Using 'application/json', given [application/json, text/plain, */*] and supported [application/json, application/*+json]
2025-12-06 04:11:54.137 [http-nio-8013-exec-1] DEBUG o.s.w.s.m.m.a.RequestResponseBodyMethodProcessor - Writing [[ModuleDto(id=1, name=Chassis Module, description=Main structural frame, type=MECHANICAL), ModuleDto (truncated)...]
2025-12-06 04:11:54.137 [http-nio-8013-exec-8] DEBUG o.s.w.s.m.m.a.RequestResponseBodyMethodProcessor - Writing [[ProductVariantDto(id=1, name=Technic Truck Yellow, description=Yellow LEGO Technic truck, price=149 (truncated)...]
2025-12-06 04:11:54.137 [http-nio-8013-exec-9] DEBUG o.s.w.s.m.m.a.RequestResponseBodyMethodProcessor - Writing [[PartDto(id=1, name=Brick 2x4, description=Standard building brick, category=STRUCTURAL, unitCost=0. (truncated)...]
2025-12-06 04:11:54.138 [http-nio-8013-exec-9] DEBUG o.s.web.servlet.DispatcherServlet - Completed 200 OK
2025-12-06 04:11:54.138 [http-nio-8013-exec-1] DEBUG o.s.web.servlet.DispatcherServlet - Completed 200 OK
2025-12-06 04:11:54.138 [http-nio-8013-exec-8] DEBUG o.s.web.servlet.DispatcherServlet - Completed 200 OK
2025-12-06 04:11:54.147 [http-nio-8013-exec-3] DEBUG o.s.web.servlet.DispatcherServlet - GET "/api/masterdata/product-variants", parameters={}
2025-12-06 04:11:54.147 [http-nio-8013-exec-4] DEBUG o.s.web.servlet.DispatcherServlet - GET "/api/masterdata/modules", parameters={}
2025-12-06 04:11:54.147 [http-nio-8013-exec-10] DEBUG o.s.web.servlet.DispatcherServlet - GET "/api/masterdata/parts", parameters={}
2025-12-06 04:11:54.148 [http-nio-8013-exec-4] DEBUG o.s.w.s.m.m.a.RequestMappingHandlerMapping - Mapped to io.life.masterdata.controller.MasterdataController#getModules()
2025-12-06 04:11:54.148 [http-nio-8013-exec-10] DEBUG o.s.w.s.m.m.a.RequestMappingHandlerMapping - Mapped to io.life.masterdata.controller.MasterdataController#getParts()
2025-12-06 04:11:54.148 [http-nio-8013-exec-3] DEBUG o.s.w.s.m.m.a.RequestMappingHandlerMapping - Mapped to io.life.masterdata.controller.MasterdataController#getProductVariants()
2025-12-06 04:11:54.151 [http-nio-8013-exec-4] DEBUG org.hibernate.SQL - select m1_0.id,m1_0.description,m1_0.name,m1_0.type from modules m1_0
2025-12-06 04:11:54.151 [http-nio-8013-exec-10] DEBUG org.hibernate.SQL - select p1_0.id,p1_0.category,p1_0.description,p1_0.name,p1_0.unit_cost from parts p1_0
2025-12-06 04:11:54.151 [http-nio-8013-exec-3] DEBUG org.hibernate.SQL - select pv1_0.id,pv1_0.description,pv1_0.estimated_time_minutes,pv1_0.name,pv1_0.price from product_variants pv1_0
2025-12-06 04:11:54.153 [http-nio-8013-exec-4] DEBUG o.s.w.s.m.m.a.RequestResponseBodyMethodProcessor - Using 'application/json', given [application/json, text/plain, */*] and supported [application/json, application/*+json]
2025-12-06 04:11:54.153 [http-nio-8013-exec-3] DEBUG o.s.w.s.m.m.a.RequestResponseBodyMethodProcessor - Using 'application/json', given [application/json, text/plain, */*] and supported [application/json, application/*+json]
2025-12-06 04:11:54.153 [http-nio-8013-exec-10] DEBUG o.s.w.s.m.m.a.RequestResponseBodyMethodProcessor - Using 'application/json', given [application/json, text/plain, */*] and supported [application/json, application/*+json]
2025-12-06 04:11:54.154 [http-nio-8013-exec-4] DEBUG o.s.w.s.m.m.a.RequestResponseBodyMethodProcessor - Writing [[ModuleDto(id=1, name=Chassis Module, description=Main structural frame, type=MECHANICAL), ModuleDto (truncated)...]
2025-12-06 04:11:54.154 [http-nio-8013-exec-3] DEBUG o.s.w.s.m.m.a.RequestResponseBodyMethodProcessor - Writing [[ProductVariantDto(id=1, name=Technic Truck Yellow, description=Yellow LEGO Technic truck, price=149 (truncated)...]
2025-12-06 04:11:54.154 [http-nio-8013-exec-10] DEBUG o.s.w.s.m.m.a.RequestResponseBodyMethodProcessor - Writing [[PartDto(id=1, name=Brick 2x4, description=Standard building brick, category=STRUCTURAL, unitCost=0. (truncated)...]
2025-12-06 04:11:54.155 [http-nio-8013-exec-3] DEBUG o.s.web.servlet.DispatcherServlet - Completed 200 OK
2025-12-06 04:11:54.155 [http-nio-8013-exec-10] DEBUG o.s.web.servlet.DispatcherServlet - Completed 200 OK
2025-12-06 04:11:54.155 [http-nio-8013-exec-4] DEBUG o.s.web.servlet.DispatcherServlet - Completed 200 OK
2025-12-06 04:13:48.348 [http-nio-8013-exec-6] DEBUG o.s.web.servlet.DispatcherServlet - GET "/api/masterdata/product-variants", parameters={}
2025-12-06 04:13:48.348 [http-nio-8013-exec-9] DEBUG o.s.web.servlet.DispatcherServlet - GET "/api/masterdata/parts", parameters={}
2025-12-06 04:13:48.348 [http-nio-8013-exec-1] DEBUG o.s.web.servlet.DispatcherServlet - GET "/api/masterdata/modules", parameters={}
2025-12-06 04:13:48.349 [http-nio-8013-exec-1] DEBUG o.s.w.s.m.m.a.RequestMappingHandlerMapping - Mapped to io.life.masterdata.controller.MasterdataController#getModules()
2025-12-06 04:13:48.349 [http-nio-8013-exec-6] DEBUG o.s.w.s.m.m.a.RequestMappingHandlerMapping - Mapped to io.life.masterdata.controller.MasterdataController#getProductVariants()
2025-12-06 04:13:48.349 [http-nio-8013-exec-9] DEBUG o.s.w.s.m.m.a.RequestMappingHandlerMapping - Mapped to io.life.masterdata.controller.MasterdataController#getParts()
2025-12-06 04:13:48.351 [http-nio-8013-exec-6] DEBUG org.hibernate.SQL - select pv1_0.id,pv1_0.description,pv1_0.estimated_time_minutes,pv1_0.name,pv1_0.price from product_variants pv1_0
2025-12-06 04:13:48.351 [http-nio-8013-exec-9] DEBUG org.hibernate.SQL - select p1_0.id,p1_0.category,p1_0.description,p1_0.name,p1_0.unit_cost from parts p1_0
2025-12-06 04:13:48.351 [http-nio-8013-exec-1] DEBUG org.hibernate.SQL - select m1_0.id,m1_0.description,m1_0.name,m1_0.type from modules m1_0
2025-12-06 04:13:48.354 [http-nio-8013-exec-9] DEBUG o.s.w.s.m.m.a.RequestResponseBodyMethodProcessor - Using 'application/json', given [application/json, text/plain, */*] and supported [application/json, application/*+json]
2025-12-06 04:13:48.354 [http-nio-8013-exec-1] DEBUG o.s.w.s.m.m.a.RequestResponseBodyMethodProcessor - Using 'application/json', given [application/json, text/plain, */*] and supported [application/json, application/*+json]
2025-12-06 04:13:48.354 [http-nio-8013-exec-6] DEBUG o.s.w.s.m.m.a.RequestResponseBodyMethodProcessor - Using 'application/json', given [application/json, text/plain, */*] and supported [application/json, application/*+json]
2025-12-06 04:13:48.354 [http-nio-8013-exec-1] DEBUG o.s.w.s.m.m.a.RequestResponseBodyMethodProcessor - Writing [[ModuleDto(id=1, name=Chassis Module, description=Main structural frame, type=MECHANICAL), ModuleDto (truncated)...]
2025-12-06 04:13:48.354 [http-nio-8013-exec-9] DEBUG o.s.w.s.m.m.a.RequestResponseBodyMethodProcessor - Writing [[PartDto(id=1, name=Brick 2x4, description=Standard building brick, category=STRUCTURAL, unitCost=0. (truncated)...]
2025-12-06 04:13:48.355 [http-nio-8013-exec-6] DEBUG o.s.w.s.m.m.a.RequestResponseBodyMethodProcessor - Writing [[ProductVariantDto(id=1, name=Technic Truck Yellow, description=Yellow LEGO Technic truck, price=149 (truncated)...]
2025-12-06 04:13:48.356 [http-nio-8013-exec-9] DEBUG o.s.web.servlet.DispatcherServlet - Completed 200 OK
2025-12-06 04:13:48.356 [http-nio-8013-exec-6] DEBUG o.s.web.servlet.DispatcherServlet - Completed 200 OK
2025-12-06 04:13:48.356 [http-nio-8013-exec-1] DEBUG o.s.web.servlet.DispatcherServlet - Completed 200 OK
2025-12-06 04:13:48.365 [http-nio-8013-exec-3] DEBUG o.s.web.servlet.DispatcherServlet - GET "/api/masterdata/parts", parameters={}
2025-12-06 04:13:48.365 [http-nio-8013-exec-10] DEBUG o.s.web.servlet.DispatcherServlet - GET "/api/masterdata/product-variants", parameters={}
2025-12-06 04:13:48.365 [http-nio-8013-exec-8] DEBUG o.s.web.servlet.DispatcherServlet - GET "/api/masterdata/modules", parameters={}
2025-12-06 04:13:48.366 [http-nio-8013-exec-3] DEBUG o.s.w.s.m.m.a.RequestMappingHandlerMapping - Mapped to io.life.masterdata.controller.MasterdataController#getParts()
2025-12-06 04:13:48.366 [http-nio-8013-exec-10] DEBUG o.s.w.s.m.m.a.RequestMappingHandlerMapping - Mapped to io.life.masterdata.controller.MasterdataController#getProductVariants()
2025-12-06 04:13:48.366 [http-nio-8013-exec-8] DEBUG o.s.w.s.m.m.a.RequestMappingHandlerMapping - Mapped to io.life.masterdata.controller.MasterdataController#getModules()
2025-12-06 04:13:48.368 [http-nio-8013-exec-3] DEBUG org.hibernate.SQL - select p1_0.id,p1_0.category,p1_0.description,p1_0.name,p1_0.unit_cost from parts p1_0
2025-12-06 04:13:48.368 [http-nio-8013-exec-10] DEBUG org.hibernate.SQL - select pv1_0.id,pv1_0.description,pv1_0.estimated_time_minutes,pv1_0.name,pv1_0.price from product_variants pv1_0
2025-12-06 04:13:48.368 [http-nio-8013-exec-8] DEBUG org.hibernate.SQL - select m1_0.id,m1_0.description,m1_0.name,m1_0.type from modules m1_0
2025-12-06 04:13:48.371 [http-nio-8013-exec-3] DEBUG o.s.w.s.m.m.a.RequestResponseBodyMethodProcessor - Using 'application/json', given [application/json, text/plain, */*] and supported [application/json, application/*+json]
2025-12-06 04:13:48.371 [http-nio-8013-exec-8] DEBUG o.s.w.s.m.m.a.RequestResponseBodyMethodProcessor - Using 'application/json', given [application/json, text/plain, */*] and supported [application/json, application/*+json]
2025-12-06 04:13:48.371 [http-nio-8013-exec-10] DEBUG o.s.w.s.m.m.a.RequestResponseBodyMethodProcessor - Using 'application/json', given [application/json, text/plain, */*] and supported [application/json, application/*+json]
2025-12-06 04:13:48.371 [http-nio-8013-exec-8] DEBUG o.s.w.s.m.m.a.RequestResponseBodyMethodProcessor - Writing [[ModuleDto(id=1, name=Chassis Module, description=Main structural frame, type=MECHANICAL), ModuleDto (truncated)...]
2025-12-06 04:13:48.371 [http-nio-8013-exec-3] DEBUG o.s.w.s.m.m.a.RequestResponseBodyMethodProcessor - Writing [[PartDto(id=1, name=Brick 2x4, description=Standard building brick, category=STRUCTURAL, unitCost=0. (truncated)...]
2025-12-06 04:13:48.371 [http-nio-8013-exec-10] DEBUG o.s.w.s.m.m.a.RequestResponseBodyMethodProcessor - Writing [[ProductVariantDto(id=1, name=Technic Truck Yellow, description=Yellow LEGO Technic truck, price=149 (truncated)...]
2025-12-06 04:13:48.372 [http-nio-8013-exec-10] DEBUG o.s.web.servlet.DispatcherServlet - Completed 200 OK
2025-12-06 04:13:48.372 [http-nio-8013-exec-8] DEBUG o.s.web.servlet.DispatcherServlet - Completed 200 OK
2025-12-06 04:13:48.373 [http-nio-8013-exec-3] DEBUG o.s.web.servlet.DispatcherServlet - Completed 200 OK
2025-12-06 04:14:33.929 [http-nio-8013-exec-4] DEBUG o.s.web.servlet.DispatcherServlet - GET "/api/masterdata/workstations", parameters={}
2025-12-06 04:14:33.929 [http-nio-8013-exec-4] DEBUG o.s.w.s.m.m.a.RequestMappingHandlerMapping - Mapped to io.life.masterdata.controller.MasterdataController#getWorkstations()
2025-12-06 04:14:33.931 [http-nio-8013-exec-4] DEBUG org.hibernate.SQL - select w1_0.id,w1_0.active,w1_0.description,w1_0.name,w1_0.workstation_type from workstations w1_0
2025-12-06 04:14:33.931 [http-nio-8013-exec-4] DEBUG o.s.w.s.m.m.a.RequestResponseBodyMethodProcessor - Using 'application/json', given [application/json, text/plain, */*] and supported [application/json, application/*+json]
2025-12-06 04:14:33.931 [http-nio-8013-exec-4] DEBUG o.s.w.s.m.m.a.RequestResponseBodyMethodProcessor - Writing [[WorkstationDto(id=1, name=Injection Molding Station 1, workstationType=MANUFACTURING, description=P (truncated)...]
2025-12-06 04:14:33.931 [http-nio-8013-exec-4] DEBUG o.s.web.servlet.DispatcherServlet - Completed 200 OK
2025-12-06 04:14:33.948 [http-nio-8013-exec-5] DEBUG o.s.web.servlet.DispatcherServlet - GET "/api/masterdata/workstations", parameters={}
2025-12-06 04:14:33.949 [http-nio-8013-exec-5] DEBUG o.s.w.s.m.m.a.RequestMappingHandlerMapping - Mapped to io.life.masterdata.controller.MasterdataController#getWorkstations()
2025-12-06 04:14:33.951 [http-nio-8013-exec-5] DEBUG org.hibernate.SQL - select w1_0.id,w1_0.active,w1_0.description,w1_0.name,w1_0.workstation_type from workstations w1_0
2025-12-06 04:14:33.955 [http-nio-8013-exec-5] DEBUG o.s.w.s.m.m.a.RequestResponseBodyMethodProcessor - Using 'application/json', given [application/json, text/plain, */*] and supported [application/json, application/*+json]
2025-12-06 04:14:33.955 [http-nio-8013-exec-5] DEBUG o.s.w.s.m.m.a.RequestResponseBodyMethodProcessor - Writing [[WorkstationDto(id=1, name=Injection Molding Station 1, workstationType=MANUFACTURING, description=P (truncated)...]
2025-12-06 04:14:33.956 [http-nio-8013-exec-5] DEBUG o.s.web.servlet.DispatcherServlet - Completed 200 OK
2025-12-06 04:14:37.163 [http-nio-8013-exec-7] DEBUG o.s.web.servlet.DispatcherServlet - GET "/api/masterdata/product-variants", parameters={}
2025-12-06 04:14:37.164 [http-nio-8013-exec-7] DEBUG o.s.w.s.m.m.a.RequestMappingHandlerMapping - Mapped to io.life.masterdata.controller.MasterdataController#getProductVariants()
2025-12-06 04:14:37.167 [http-nio-8013-exec-7] DEBUG org.hibernate.SQL - select pv1_0.id,pv1_0.description,pv1_0.estimated_time_minutes,pv1_0.name,pv1_0.price from product_variants pv1_0
2025-12-06 04:14:37.171 [http-nio-8013-exec-7] DEBUG o.s.w.s.m.m.a.RequestResponseBodyMethodProcessor - Using 'application/json', given [application/json, text/plain, */*] and supported [application/json, application/*+json]
2025-12-06 04:14:37.175 [http-nio-8013-exec-7] DEBUG o.s.w.s.m.m.a.RequestResponseBodyMethodProcessor - Writing [[ProductVariantDto(id=1, name=Technic Truck Yellow, description=Yellow LEGO Technic truck, price=149 (truncated)...]
2025-12-06 04:14:37.180 [http-nio-8013-exec-7] DEBUG o.s.web.servlet.DispatcherServlet - Completed 200 OK
2025-12-06 04:14:37.202 [http-nio-8013-exec-2] DEBUG o.s.web.servlet.DispatcherServlet - GET "/api/masterdata/product-variants", parameters={}
2025-12-06 04:14:37.206 [http-nio-8013-exec-2] DEBUG o.s.w.s.m.m.a.RequestMappingHandlerMapping - Mapped to io.life.masterdata.controller.MasterdataController#getProductVariants()
2025-12-06 04:14:37.210 [http-nio-8013-exec-2] DEBUG org.hibernate.SQL - select pv1_0.id,pv1_0.description,pv1_0.estimated_time_minutes,pv1_0.name,pv1_0.price from product_variants pv1_0
2025-12-06 04:14:37.214 [http-nio-8013-exec-2] DEBUG o.s.w.s.m.m.a.RequestResponseBodyMethodProcessor - Using 'application/json', given [application/json, text/plain, */*] and supported [application/json, application/*+json]
2025-12-06 04:14:37.215 [http-nio-8013-exec-2] DEBUG o.s.w.s.m.m.a.RequestResponseBodyMethodProcessor - Writing [[ProductVariantDto(id=1, name=Technic Truck Yellow, description=Yellow LEGO Technic truck, price=149 (truncated)...]
2025-12-06 04:14:37.216 [http-nio-8013-exec-2] DEBUG o.s.web.servlet.DispatcherServlet - Completed 200 OK
2025-12-06 04:14:53.268 [http-nio-8013-exec-9] DEBUG o.s.web.servlet.DispatcherServlet - GET "/api/masterdata/workstations", parameters={}
2025-12-06 04:14:53.268 [http-nio-8013-exec-9] DEBUG o.s.w.s.m.m.a.RequestMappingHandlerMapping - Mapped to io.life.masterdata.controller.MasterdataController#getWorkstations()
2025-12-06 04:14:53.271 [http-nio-8013-exec-9] DEBUG org.hibernate.SQL - select w1_0.id,w1_0.active,w1_0.description,w1_0.name,w1_0.workstation_type from workstations w1_0
2025-12-06 04:14:53.273 [http-nio-8013-exec-9] DEBUG o.s.w.s.m.m.a.RequestResponseBodyMethodProcessor - Using 'application/json', given [application/json, text/plain, */*] and supported [application/json, application/*+json]
2025-12-06 04:14:53.274 [http-nio-8013-exec-9] DEBUG o.s.w.s.m.m.a.RequestResponseBodyMethodProcessor - Writing [[WorkstationDto(id=1, name=Injection Molding Station 1, workstationType=MANUFACTURING, description=P (truncated)...]
2025-12-06 04:14:53.275 [http-nio-8013-exec-9] DEBUG o.s.web.servlet.DispatcherServlet - Completed 200 OK
2025-12-06 04:14:53.288 [http-nio-8013-exec-1] DEBUG o.s.web.servlet.DispatcherServlet - GET "/api/masterdata/workstations", parameters={}
2025-12-06 04:14:53.289 [http-nio-8013-exec-1] DEBUG o.s.w.s.m.m.a.RequestMappingHandlerMapping - Mapped to io.life.masterdata.controller.MasterdataController#getWorkstations()
2025-12-06 04:14:53.290 [http-nio-8013-exec-1] DEBUG org.hibernate.SQL - select w1_0.id,w1_0.active,w1_0.description,w1_0.name,w1_0.workstation_type from workstations w1_0
2025-12-06 04:14:53.332 [http-nio-8013-exec-1] DEBUG o.s.w.s.m.m.a.RequestResponseBodyMethodProcessor - Using 'application/json', given [application/json, text/plain, */*] and supported [application/json, application/*+json]
2025-12-06 04:14:53.333 [http-nio-8013-exec-1] DEBUG o.s.w.s.m.m.a.RequestResponseBodyMethodProcessor - Writing [[WorkstationDto(id=1, name=Injection Molding Station 1, workstationType=MANUFACTURING, description=P (truncated)...]
2025-12-06 04:14:53.334 [http-nio-8013-exec-1] DEBUG o.s.web.servlet.DispatcherServlet - Completed 200 OK
2025-12-06 04:16:17.617 [http-nio-8013-exec-3] DEBUG o.s.web.servlet.DispatcherServlet - GET "/api/masterdata/workstations", parameters={}
2025-12-06 04:16:17.618 [http-nio-8013-exec-3] DEBUG o.s.w.s.m.m.a.RequestMappingHandlerMapping - Mapped to io.life.masterdata.controller.MasterdataController#getWorkstations()
2025-12-06 04:16:17.620 [http-nio-8013-exec-3] DEBUG org.hibernate.SQL - select w1_0.id,w1_0.active,w1_0.description,w1_0.name,w1_0.workstation_type from workstations w1_0
2025-12-06 04:16:17.624 [http-nio-8013-exec-3] DEBUG o.s.w.s.m.m.a.RequestResponseBodyMethodProcessor - Using 'application/json', given [application/json, text/plain, */*] and supported [application/json, application/*+json]
2025-12-06 04:16:17.624 [http-nio-8013-exec-3] DEBUG o.s.w.s.m.m.a.RequestResponseBodyMethodProcessor - Writing [[WorkstationDto(id=1, name=Injection Molding Station 1, workstationType=MANUFACTURING, description=P (truncated)...]
2025-12-06 04:16:17.624 [http-nio-8013-exec-3] DEBUG o.s.web.servlet.DispatcherServlet - Completed 200 OK
2025-12-06 04:16:17.636 [http-nio-8013-exec-4] DEBUG o.s.web.servlet.DispatcherServlet - GET "/api/masterdata/workstations", parameters={}
2025-12-06 04:16:17.637 [http-nio-8013-exec-4] DEBUG o.s.w.s.m.m.a.RequestMappingHandlerMapping - Mapped to io.life.masterdata.controller.MasterdataController#getWorkstations()
2025-12-06 04:16:17.639 [http-nio-8013-exec-4] DEBUG org.hibernate.SQL - select w1_0.id,w1_0.active,w1_0.description,w1_0.name,w1_0.workstation_type from workstations w1_0
2025-12-06 04:16:17.658 [http-nio-8013-exec-4] DEBUG o.s.w.s.m.m.a.RequestResponseBodyMethodProcessor - Using 'application/json', given [application/json, text/plain, */*] and supported [application/json, application/*+json]
2025-12-06 04:16:17.659 [http-nio-8013-exec-4] DEBUG o.s.w.s.m.m.a.RequestResponseBodyMethodProcessor - Writing [[WorkstationDto(id=1, name=Injection Molding Station 1, workstationType=MANUFACTURING, description=P (truncated)...]
2025-12-06 04:16:17.660 [http-nio-8013-exec-4] DEBUG o.s.web.servlet.DispatcherServlet - Completed 200 OK
2025-12-06 04:16:41.454 [http-nio-8013-exec-5] DEBUG o.s.web.servlet.DispatcherServlet - GET "/api/masterdata/workstations", parameters={}
2025-12-06 04:16:41.461 [http-nio-8013-exec-5] DEBUG o.s.w.s.m.m.a.RequestMappingHandlerMapping - Mapped to io.life.masterdata.controller.MasterdataController#getWorkstations()
2025-12-06 04:16:41.463 [http-nio-8013-exec-5] DEBUG org.hibernate.SQL - select w1_0.id,w1_0.active,w1_0.description,w1_0.name,w1_0.workstation_type from workstations w1_0
2025-12-06 04:16:41.465 [http-nio-8013-exec-5] DEBUG o.s.w.s.m.m.a.RequestResponseBodyMethodProcessor - Using 'application/json', given [application/json, text/plain, */*] and supported [application/json, application/*+json]
2025-12-06 04:16:41.466 [http-nio-8013-exec-5] DEBUG o.s.w.s.m.m.a.RequestResponseBodyMethodProcessor - Writing [[WorkstationDto(id=1, name=Injection Molding Station 1, workstationType=MANUFACTURING, description=P (truncated)...]
2025-12-06 04:16:41.468 [http-nio-8013-exec-5] DEBUG o.s.web.servlet.DispatcherServlet - Completed 200 OK
2025-12-06 04:16:41.478 [http-nio-8013-exec-7] DEBUG o.s.web.servlet.DispatcherServlet - GET "/api/masterdata/workstations", parameters={}
2025-12-06 04:16:41.479 [http-nio-8013-exec-7] DEBUG o.s.w.s.m.m.a.RequestMappingHandlerMapping - Mapped to io.life.masterdata.controller.MasterdataController#getWorkstations()
2025-12-06 04:16:41.481 [http-nio-8013-exec-7] DEBUG org.hibernate.SQL - select w1_0.id,w1_0.active,w1_0.description,w1_0.name,w1_0.workstation_type from workstations w1_0
2025-12-06 04:16:41.484 [http-nio-8013-exec-7] DEBUG o.s.w.s.m.m.a.RequestResponseBodyMethodProcessor - Using 'application/json', given [application/json, text/plain, */*] and supported [application/json, application/*+json]
2025-12-06 04:16:41.485 [http-nio-8013-exec-7] DEBUG o.s.w.s.m.m.a.RequestResponseBodyMethodProcessor - Writing [[WorkstationDto(id=1, name=Injection Molding Station 1, workstationType=MANUFACTURING, description=P (truncated)...]
2025-12-06 04:16:41.486 [http-nio-8013-exec-7] DEBUG o.s.web.servlet.DispatcherServlet - Completed 200 OK
2025-12-06 04:17:25.180 [http-nio-8013-exec-2] DEBUG o.s.web.servlet.DispatcherServlet - GET "/api/masterdata/workstations", parameters={}
2025-12-06 04:17:25.180 [http-nio-8013-exec-2] DEBUG o.s.w.s.m.m.a.RequestMappingHandlerMapping - Mapped to io.life.masterdata.controller.MasterdataController#getWorkstations()
2025-12-06 04:17:25.180 [http-nio-8013-exec-2] DEBUG org.hibernate.SQL - select w1_0.id,w1_0.active,w1_0.description,w1_0.name,w1_0.workstation_type from workstations w1_0
2025-12-06 04:17:25.188 [http-nio-8013-exec-2] DEBUG o.s.w.s.m.m.a.RequestResponseBodyMethodProcessor - Using 'application/json', given [application/json, text/plain, */*] and supported [application/json, application/*+json]
2025-12-06 04:17:25.188 [http-nio-8013-exec-2] DEBUG o.s.w.s.m.m.a.RequestResponseBodyMethodProcessor - Writing [[WorkstationDto(id=1, name=Injection Molding Station 1, workstationType=MANUFACTURING, description=P (truncated)...]
2025-12-06 04:17:25.190 [http-nio-8013-exec-2] DEBUG o.s.web.servlet.DispatcherServlet - Completed 200 OK
2025-12-06 04:17:25.199 [http-nio-8013-exec-9] DEBUG o.s.web.servlet.DispatcherServlet - GET "/api/masterdata/workstations", parameters={}
2025-12-06 04:17:25.200 [http-nio-8013-exec-9] DEBUG o.s.w.s.m.m.a.RequestMappingHandlerMapping - Mapped to io.life.masterdata.controller.MasterdataController#getWorkstations()
2025-12-06 04:17:25.203 [http-nio-8013-exec-9] DEBUG org.hibernate.SQL - select w1_0.id,w1_0.active,w1_0.description,w1_0.name,w1_0.workstation_type from workstations w1_0
2025-12-06 04:17:25.206 [http-nio-8013-exec-9] DEBUG o.s.w.s.m.m.a.RequestResponseBodyMethodProcessor - Using 'application/json', given [application/json, text/plain, */*] and supported [application/json, application/*+json]
2025-12-06 04:17:25.207 [http-nio-8013-exec-9] DEBUG o.s.w.s.m.m.a.RequestResponseBodyMethodProcessor - Writing [[WorkstationDto(id=1, name=Injection Molding Station 1, workstationType=MANUFACTURING, description=P (truncated)...]
2025-12-06 04:17:25.207 [http-nio-8013-exec-9] DEBUG o.s.web.servlet.DispatcherServlet - Completed 200 OK
2025-12-06 04:17:27.197 [http-nio-8013-exec-1] DEBUG o.s.web.servlet.DispatcherServlet - GET "/api/masterdata/product-variants", parameters={}
2025-12-06 04:17:27.199 [http-nio-8013-exec-1] DEBUG o.s.w.s.m.m.a.RequestMappingHandlerMapping - Mapped to io.life.masterdata.controller.MasterdataController#getProductVariants()
2025-12-06 04:17:27.199 [http-nio-8013-exec-10] DEBUG o.s.web.servlet.DispatcherServlet - GET "/api/masterdata/parts", parameters={}
2025-12-06 04:17:27.199 [http-nio-8013-exec-6] DEBUG o.s.web.servlet.DispatcherServlet - GET "/api/masterdata/modules", parameters={}
2025-12-06 04:17:27.201 [http-nio-8013-exec-6] DEBUG o.s.w.s.m.m.a.RequestMappingHandlerMapping - Mapped to io.life.masterdata.controller.MasterdataController#getModules()
2025-12-06 04:17:27.201 [http-nio-8013-exec-10] DEBUG o.s.w.s.m.m.a.RequestMappingHandlerMapping - Mapped to io.life.masterdata.controller.MasterdataController#getParts()
2025-12-06 04:17:27.201 [http-nio-8013-exec-1] DEBUG org.hibernate.SQL - select pv1_0.id,pv1_0.description,pv1_0.estimated_time_minutes,pv1_0.name,pv1_0.price from product_variants pv1_0
2025-12-06 04:17:27.201 [http-nio-8013-exec-10] DEBUG org.hibernate.SQL - select p1_0.id,p1_0.category,p1_0.description,p1_0.name,p1_0.unit_cost from parts p1_0
2025-12-06 04:17:27.201 [http-nio-8013-exec-6] DEBUG org.hibernate.SQL - select m1_0.id,m1_0.description,m1_0.name,m1_0.type from modules m1_0
2025-12-06 04:17:27.204 [http-nio-8013-exec-1] DEBUG o.s.w.s.m.m.a.RequestResponseBodyMethodProcessor - Using 'application/json', given [application/json, text/plain, */*] and supported [application/json, application/*+json]
2025-12-06 04:17:27.204 [http-nio-8013-exec-10] DEBUG o.s.w.s.m.m.a.RequestResponseBodyMethodProcessor - Using 'application/json', given [application/json, text/plain, */*] and supported [application/json, application/*+json]
2025-12-06 04:17:27.204 [http-nio-8013-exec-1] DEBUG o.s.w.s.m.m.a.RequestResponseBodyMethodProcessor - Writing [[ProductVariantDto(id=1, name=Technic Truck Yellow, description=Yellow LEGO Technic truck, price=149 (truncated)...]
2025-12-06 04:17:27.204 [http-nio-8013-exec-6] DEBUG o.s.w.s.m.m.a.RequestResponseBodyMethodProcessor - Using 'application/json', given [application/json, text/plain, */*] and supported [application/json, application/*+json]
2025-12-06 04:17:27.204 [http-nio-8013-exec-10] DEBUG o.s.w.s.m.m.a.RequestResponseBodyMethodProcessor - Writing [[PartDto(id=1, name=Brick 2x4, description=Standard building brick, category=STRUCTURAL, unitCost=0. (truncated)...]
2025-12-06 04:17:27.204 [http-nio-8013-exec-6] DEBUG o.s.w.s.m.m.a.RequestResponseBodyMethodProcessor - Writing [[ModuleDto(id=1, name=Chassis Module, description=Main structural frame, type=MECHANICAL), ModuleDto (truncated)...]
2025-12-06 04:17:27.204 [http-nio-8013-exec-10] DEBUG o.s.web.servlet.DispatcherServlet - Completed 200 OK
2025-12-06 04:17:27.204 [http-nio-8013-exec-1] DEBUG o.s.web.servlet.DispatcherServlet - Completed 200 OK
2025-12-06 04:17:27.206 [http-nio-8013-exec-6] DEBUG o.s.web.servlet.DispatcherServlet - Completed 200 OK
2025-12-06 04:17:27.210 [http-nio-8013-exec-4] DEBUG o.s.web.servlet.DispatcherServlet - GET "/api/masterdata/modules", parameters={}
2025-12-06 04:17:27.210 [http-nio-8013-exec-8] DEBUG o.s.web.servlet.DispatcherServlet - GET "/api/masterdata/parts", parameters={}
2025-12-06 04:17:27.210 [http-nio-8013-exec-3] DEBUG o.s.web.servlet.DispatcherServlet - GET "/api/masterdata/product-variants", parameters={}
2025-12-06 04:17:27.210 [http-nio-8013-exec-4] DEBUG o.s.w.s.m.m.a.RequestMappingHandlerMapping - Mapped to io.life.masterdata.controller.MasterdataController#getModules()
2025-12-06 04:17:27.210 [http-nio-8013-exec-8] DEBUG o.s.w.s.m.m.a.RequestMappingHandlerMapping - Mapped to io.life.masterdata.controller.MasterdataController#getParts()
2025-12-06 04:17:27.210 [http-nio-8013-exec-3] DEBUG o.s.w.s.m.m.a.RequestMappingHandlerMapping - Mapped to io.life.masterdata.controller.MasterdataController#getProductVariants()
2025-12-06 04:17:27.210 [http-nio-8013-exec-4] DEBUG org.hibernate.SQL - select m1_0.id,m1_0.description,m1_0.name,m1_0.type from modules m1_0
2025-12-06 04:17:27.210 [http-nio-8013-exec-8] DEBUG org.hibernate.SQL - select p1_0.id,p1_0.category,p1_0.description,p1_0.name,p1_0.unit_cost from parts p1_0
2025-12-06 04:17:27.210 [http-nio-8013-exec-3] DEBUG org.hibernate.SQL - select pv1_0.id,pv1_0.description,pv1_0.estimated_time_minutes,pv1_0.name,pv1_0.price from product_variants pv1_0
2025-12-06 04:17:27.221 [http-nio-8013-exec-3] DEBUG o.s.w.s.m.m.a.RequestResponseBodyMethodProcessor - Using 'application/json', given [application/json, text/plain, */*] and supported [application/json, application/*+json]
2025-12-06 04:17:27.221 [http-nio-8013-exec-8] DEBUG o.s.w.s.m.m.a.RequestResponseBodyMethodProcessor - Using 'application/json', given [application/json, text/plain, */*] and supported [application/json, application/*+json]
2025-12-06 04:17:27.221 [http-nio-8013-exec-4] DEBUG o.s.w.s.m.m.a.RequestResponseBodyMethodProcessor - Using 'application/json', given [application/json, text/plain, */*] and supported [application/json, application/*+json]
2025-12-06 04:17:27.223 [http-nio-8013-exec-3] DEBUG o.s.w.s.m.m.a.RequestResponseBodyMethodProcessor - Writing [[ProductVariantDto(id=1, name=Technic Truck Yellow, description=Yellow LEGO Technic truck, price=149 (truncated)...]
2025-12-06 04:17:27.223 [http-nio-8013-exec-8] DEBUG o.s.w.s.m.m.a.RequestResponseBodyMethodProcessor - Writing [[PartDto(id=1, name=Brick 2x4, description=Standard building brick, category=STRUCTURAL, unitCost=0. (truncated)...]
2025-12-06 04:17:27.223 [http-nio-8013-exec-4] DEBUG o.s.w.s.m.m.a.RequestResponseBodyMethodProcessor - Writing [[ModuleDto(id=1, name=Chassis Module, description=Main structural frame, type=MECHANICAL), ModuleDto (truncated)...]
2025-12-06 04:17:27.224 [http-nio-8013-exec-3] DEBUG o.s.web.servlet.DispatcherServlet - Completed 200 OK
2025-12-06 04:17:27.224 [http-nio-8013-exec-8] DEBUG o.s.web.servlet.DispatcherServlet - Completed 200 OK
2025-12-06 04:17:27.224 [http-nio-8013-exec-4] DEBUG o.s.web.servlet.DispatcherServlet - Completed 200 OK
2025-12-06 04:17:41.370 [http-nio-8013-exec-5] DEBUG o.s.web.servlet.DispatcherServlet - GET "/api/masterdata/workstations", parameters={}
2025-12-06 04:17:41.370 [http-nio-8013-exec-5] DEBUG o.s.w.s.m.m.a.RequestMappingHandlerMapping - Mapped to io.life.masterdata.controller.MasterdataController#getWorkstations()
2025-12-06 04:17:41.373 [http-nio-8013-exec-5] DEBUG org.hibernate.SQL - select w1_0.id,w1_0.active,w1_0.description,w1_0.name,w1_0.workstation_type from workstations w1_0
2025-12-06 04:17:41.375 [http-nio-8013-exec-5] DEBUG o.s.w.s.m.m.a.RequestResponseBodyMethodProcessor - Using 'application/json', given [application/json, text/plain, */*] and supported [application/json, application/*+json]
2025-12-06 04:17:41.376 [http-nio-8013-exec-5] DEBUG o.s.w.s.m.m.a.RequestResponseBodyMethodProcessor - Writing [[WorkstationDto(id=1, name=Injection Molding Station 1, workstationType=MANUFACTURING, description=P (truncated)...]
2025-12-06 04:17:41.377 [http-nio-8013-exec-5] DEBUG o.s.web.servlet.DispatcherServlet - Completed 200 OK
2025-12-06 04:17:41.388 [http-nio-8013-exec-7] DEBUG o.s.web.servlet.DispatcherServlet - GET "/api/masterdata/workstations", parameters={}
2025-12-06 04:17:41.388 [http-nio-8013-exec-7] DEBUG o.s.w.s.m.m.a.RequestMappingHandlerMapping - Mapped to io.life.masterdata.controller.MasterdataController#getWorkstations()
2025-12-06 04:17:41.391 [http-nio-8013-exec-7] DEBUG org.hibernate.SQL - select w1_0.id,w1_0.active,w1_0.description,w1_0.name,w1_0.workstation_type from workstations w1_0
2025-12-06 04:17:41.393 [http-nio-8013-exec-7] DEBUG o.s.w.s.m.m.a.RequestResponseBodyMethodProcessor - Using 'application/json', given [application/json, text/plain, */*] and supported [application/json, application/*+json]
2025-12-06 04:17:41.393 [http-nio-8013-exec-7] DEBUG o.s.w.s.m.m.a.RequestResponseBodyMethodProcessor - Writing [[WorkstationDto(id=1, name=Injection Molding Station 1, workstationType=MANUFACTURING, description=P (truncated)...]
2025-12-06 04:17:41.394 [http-nio-8013-exec-7] DEBUG o.s.web.servlet.DispatcherServlet - Completed 200 OK
