2025-12-06 04:03:26.645 [main] DEBUG i.l.m.MasterdataServiceApplication - Running with Spring Boot v3.4.2, Spring v6.2.2
2025-12-06 04:03:30.565 [main] DEBUG o.s.w.s.m.m.a.RequestMappingHandlerMapping - 6 mappings in 'requestMappingHandlerMapping'
2025-12-06 04:03:30.699 [main] DEBUG o.s.w.s.h.SimpleUrlHandlerMapping - Patterns [/webjars/**, /**] in 'resourceHandlerMapping'
2025-12-06 04:03:30.764 [main] DEBUG o.s.w.s.m.m.a.RequestMappingHandlerAdapter - ControllerAdvice beans: 0 @ModelAttribute, 0 @InitBinder, 1 RequestBodyAdvice, 1 ResponseBodyAdvice
2025-12-06 04:03:30.817 [main] DEBUG o.s.w.s.m.m.a.ExceptionHandlerExceptionResolver - ControllerAdvice beans: 1 @ExceptionHandler, 1 ResponseBodyAdvice
2025-12-06 04:03:31.129 [main] DEBUG org.hibernate.SQL - select w1_0.id,w1_0.active,w1_0.description,w1_0.name,w1_0.workstation_type from workstations w1_0
2025-12-06 04:03:31.174 [main] DEBUG org.hibernate.SQL - select pv1_0.id,pv1_0.description,pv1_0.estimated_time_minutes,pv1_0.name,pv1_0.price from product_variants pv1_0
2025-12-06 04:03:31.179 [main] DEBUG org.hibernate.SQL - select m1_0.id,m1_0.description,m1_0.name,m1_0.type from modules m1_0
2025-12-06 04:03:31.182 [main] DEBUG org.hibernate.SQL - select p1_0.id,p1_0.category,p1_0.description,p1_0.name,p1_0.unit_cost from parts p1_0
2025-12-06 04:05:02.868 [http-nio-8013-exec-1] DEBUG o.s.web.servlet.DispatcherServlet - Detected StandardServletMultipartResolver
2025-12-06 04:05:02.868 [http-nio-8013-exec-1] DEBUG o.s.web.servlet.DispatcherServlet - Detected AcceptHeaderLocaleResolver
2025-12-06 04:05:02.868 [http-nio-8013-exec-1] DEBUG o.s.web.servlet.DispatcherServlet - Detected FixedThemeResolver
2025-12-06 04:05:02.868 [http-nio-8013-exec-1] DEBUG o.s.web.servlet.DispatcherServlet - Detected org.springframework.web.servlet.view.DefaultRequestToViewNameTranslator@178c4480
2025-12-06 04:05:02.868 [http-nio-8013-exec-1] DEBUG o.s.web.servlet.DispatcherServlet - Detected org.springframework.web.servlet.support.SessionFlashMapManager@2468c0e4
2025-12-06 04:05:02.868 [http-nio-8013-exec-1] DEBUG o.s.web.servlet.DispatcherServlet - enableLoggingRequestDetails='false': request parameters and headers will be masked to prevent unsafe logging of potentially sensitive data
2025-12-06 04:05:02.887 [http-nio-8013-exec-1] DEBUG o.s.web.servlet.DispatcherServlet - GET "/api/masterdata/workstations", parameters={}
2025-12-06 04:05:02.904 [http-nio-8013-exec-1] DEBUG o.s.w.s.m.m.a.RequestMappingHandlerMapping - Mapped to io.life.masterdata.controller.MasterdataController#getWorkstations()
2025-12-06 04:05:02.925 [http-nio-8013-exec-1] DEBUG org.hibernate.SQL - select w1_0.id,w1_0.active,w1_0.description,w1_0.name,w1_0.workstation_type from workstations w1_0
2025-12-06 04:05:02.950 [http-nio-8013-exec-1] DEBUG o.s.w.s.m.m.a.RequestResponseBodyMethodProcessor - Using 'application/json', given [application/json, text/plain, */*] and supported [application/json, application/*+json]
2025-12-06 04:05:02.952 [http-nio-8013-exec-1] DEBUG o.s.w.s.m.m.a.RequestResponseBodyMethodProcessor - Writing [[WorkstationDto(id=1, name=Injection Molding Station 1, workstationType=MANUFACTURING, description=P (truncated)...]
2025-12-06 04:05:03.012 [http-nio-8013-exec-1] DEBUG o.s.web.servlet.DispatcherServlet - Completed 200 OK
2025-12-06 04:05:03.026 [http-nio-8013-exec-3] DEBUG o.s.web.servlet.DispatcherServlet - GET "/api/masterdata/workstations", parameters={}
2025-12-06 04:05:03.026 [http-nio-8013-exec-3] DEBUG o.s.w.s.m.m.a.RequestMappingHandlerMapping - Mapped to io.life.masterdata.controller.MasterdataController#getWorkstations()
2025-12-06 04:05:03.031 [http-nio-8013-exec-3] DEBUG org.hibernate.SQL - select w1_0.id,w1_0.active,w1_0.description,w1_0.name,w1_0.workstation_type from workstations w1_0
2025-12-06 04:05:03.035 [http-nio-8013-exec-3] DEBUG o.s.w.s.m.m.a.RequestResponseBodyMethodProcessor - Using 'application/json', given [application/json, text/plain, */*] and supported [application/json, application/*+json]
2025-12-06 04:05:03.036 [http-nio-8013-exec-3] DEBUG o.s.w.s.m.m.a.RequestResponseBodyMethodProcessor - Writing [[WorkstationDto(id=1, name=Injection Molding Station 1, workstationType=MANUFACTURING, description=P (truncated)...]
2025-12-06 04:05:03.037 [http-nio-8013-exec-3] DEBUG o.s.web.servlet.DispatcherServlet - Completed 200 OK
2025-12-06 04:05:05.574 [http-nio-8013-exec-2] DEBUG o.s.web.servlet.DispatcherServlet - GET "/api/masterdata/workstations", parameters={}
2025-12-06 04:05:05.575 [http-nio-8013-exec-2] DEBUG o.s.w.s.m.m.a.RequestMappingHandlerMapping - Mapped to io.life.masterdata.controller.MasterdataController#getWorkstations()
2025-12-06 04:05:05.579 [http-nio-8013-exec-2] DEBUG org.hibernate.SQL - select w1_0.id,w1_0.active,w1_0.description,w1_0.name,w1_0.workstation_type from workstations w1_0
2025-12-06 04:05:05.582 [http-nio-8013-exec-2] DEBUG o.s.w.s.m.m.a.RequestResponseBodyMethodProcessor - Using 'application/json', given [application/json, text/plain, */*] and supported [application/json, application/*+json]
2025-12-06 04:05:05.583 [http-nio-8013-exec-2] DEBUG o.s.w.s.m.m.a.RequestResponseBodyMethodProcessor - Writing [[WorkstationDto(id=1, name=Injection Molding Station 1, workstationType=MANUFACTURING, description=P (truncated)...]
2025-12-06 04:05:05.585 [http-nio-8013-exec-2] DEBUG o.s.web.servlet.DispatcherServlet - Completed 200 OK
2025-12-06 04:05:05.603 [http-nio-8013-exec-4] DEBUG o.s.web.servlet.DispatcherServlet - GET "/api/masterdata/workstations", parameters={}
2025-12-06 04:05:05.603 [http-nio-8013-exec-4] DEBUG o.s.w.s.m.m.a.RequestMappingHandlerMapping - Mapped to io.life.masterdata.controller.MasterdataController#getWorkstations()
2025-12-06 04:05:05.606 [http-nio-8013-exec-4] DEBUG org.hibernate.SQL - select w1_0.id,w1_0.active,w1_0.description,w1_0.name,w1_0.workstation_type from workstations w1_0
2025-12-06 04:05:05.608 [http-nio-8013-exec-4] DEBUG o.s.w.s.m.m.a.RequestResponseBodyMethodProcessor - Using 'application/json', given [application/json, text/plain, */*] and supported [application/json, application/*+json]
2025-12-06 04:05:05.609 [http-nio-8013-exec-4] DEBUG o.s.w.s.m.m.a.RequestResponseBodyMethodProcessor - Writing [[WorkstationDto(id=1, name=Injection Molding Station 1, workstationType=MANUFACTURING, description=P (truncated)...]
2025-12-06 04:05:05.611 [http-nio-8013-exec-4] DEBUG o.s.web.servlet.DispatcherServlet - Completed 200 OK
2025-12-06 04:05:18.962 [http-nio-8013-exec-5] DEBUG o.s.web.servlet.DispatcherServlet - GET "/api/masterdata/workstations", parameters={}
2025-12-06 04:05:18.962 [http-nio-8013-exec-5] DEBUG o.s.w.s.m.m.a.RequestMappingHandlerMapping - Mapped to io.life.masterdata.controller.MasterdataController#getWorkstations()
2025-12-06 04:05:18.963 [http-nio-8013-exec-5] DEBUG org.hibernate.SQL - select w1_0.id,w1_0.active,w1_0.description,w1_0.name,w1_0.workstation_type from workstations w1_0
2025-12-06 04:05:18.963 [http-nio-8013-exec-5] DEBUG o.s.w.s.m.m.a.RequestResponseBodyMethodProcessor - Using 'application/json', given [application/json, text/plain, */*] and supported [application/json, application/*+json]
2025-12-06 04:05:18.963 [http-nio-8013-exec-5] DEBUG o.s.w.s.m.m.a.RequestResponseBodyMethodProcessor - Writing [[WorkstationDto(id=1, name=Injection Molding Station 1, workstationType=MANUFACTURING, description=P (truncated)...]
2025-12-06 04:05:18.970 [http-nio-8013-exec-5] DEBUG o.s.web.servlet.DispatcherServlet - Completed 200 OK
2025-12-06 04:05:18.981 [http-nio-8013-exec-6] DEBUG o.s.web.servlet.DispatcherServlet - GET "/api/masterdata/workstations", parameters={}
2025-12-06 04:05:18.982 [http-nio-8013-exec-6] DEBUG o.s.w.s.m.m.a.RequestMappingHandlerMapping - Mapped to io.life.masterdata.controller.MasterdataController#getWorkstations()
2025-12-06 04:05:18.984 [http-nio-8013-exec-6] DEBUG org.hibernate.SQL - select w1_0.id,w1_0.active,w1_0.description,w1_0.name,w1_0.workstation_type from workstations w1_0
2025-12-06 04:05:18.987 [http-nio-8013-exec-6] DEBUG o.s.w.s.m.m.a.RequestResponseBodyMethodProcessor - Using 'application/json', given [application/json, text/plain, */*] and supported [application/json, application/*+json]
2025-12-06 04:05:18.987 [http-nio-8013-exec-6] DEBUG o.s.w.s.m.m.a.RequestResponseBodyMethodProcessor - Writing [[WorkstationDto(id=1, name=Injection Molding Station 1, workstationType=MANUFACTURING, description=P (truncated)...]
2025-12-06 04:05:18.989 [http-nio-8013-exec-6] DEBUG o.s.web.servlet.DispatcherServlet - Completed 200 OK
2025-12-06 04:05:37.570 [http-nio-8013-exec-7] DEBUG o.s.web.servlet.DispatcherServlet - GET "/api/masterdata/product-variants", parameters={}
2025-12-06 04:05:37.571 [http-nio-8013-exec-7] DEBUG o.s.w.s.m.m.a.RequestMappingHandlerMapping - Mapped to io.life.masterdata.controller.MasterdataController#getProductVariants()
2025-12-06 04:05:37.573 [http-nio-8013-exec-7] DEBUG org.hibernate.SQL - select pv1_0.id,pv1_0.description,pv1_0.estimated_time_minutes,pv1_0.name,pv1_0.price from product_variants pv1_0
2025-12-06 04:05:37.580 [http-nio-8013-exec-7] DEBUG o.s.w.s.m.m.a.RequestResponseBodyMethodProcessor - Using 'application/json', given [application/json, text/plain, */*] and supported [application/json, application/*+json]
2025-12-06 04:05:37.581 [http-nio-8013-exec-7] DEBUG o.s.w.s.m.m.a.RequestResponseBodyMethodProcessor - Writing [[ProductVariantDto(id=1, name=Technic Truck Yellow, description=Yellow LEGO Technic truck, price=149 (truncated)...]
2025-12-06 04:05:37.595 [http-nio-8013-exec-7] DEBUG o.s.web.servlet.DispatcherServlet - Completed 200 OK
2025-12-06 04:05:37.614 [http-nio-8013-exec-8] DEBUG o.s.web.servlet.DispatcherServlet - GET "/api/masterdata/product-variants", parameters={}
2025-12-06 04:05:37.614 [http-nio-8013-exec-8] DEBUG o.s.w.s.m.m.a.RequestMappingHandlerMapping - Mapped to io.life.masterdata.controller.MasterdataController#getProductVariants()
2025-12-06 04:05:37.619 [http-nio-8013-exec-8] DEBUG org.hibernate.SQL - select pv1_0.id,pv1_0.description,pv1_0.estimated_time_minutes,pv1_0.name,pv1_0.price from product_variants pv1_0
2025-12-06 04:05:37.625 [http-nio-8013-exec-8] DEBUG o.s.w.s.m.m.a.RequestResponseBodyMethodProcessor - Using 'application/json', given [application/json, text/plain, */*] and supported [application/json, application/*+json]
2025-12-06 04:05:37.626 [http-nio-8013-exec-8] DEBUG o.s.w.s.m.m.a.RequestResponseBodyMethodProcessor - Writing [[ProductVariantDto(id=1, name=Technic Truck Yellow, description=Yellow LEGO Technic truck, price=149 (truncated)...]
2025-12-06 04:05:37.627 [http-nio-8013-exec-8] DEBUG o.s.web.servlet.DispatcherServlet - Completed 200 OK
2025-12-06 04:06:16.401 [http-nio-8013-exec-9] DEBUG o.s.web.servlet.DispatcherServlet - GET "/api/masterdata/product-variants", parameters={}
2025-12-06 04:06:16.401 [http-nio-8013-exec-9] DEBUG o.s.w.s.m.m.a.RequestMappingHandlerMapping - Mapped to io.life.masterdata.controller.MasterdataController#getProductVariants()
2025-12-06 04:06:16.404 [http-nio-8013-exec-9] DEBUG org.hibernate.SQL - select pv1_0.id,pv1_0.description,pv1_0.estimated_time_minutes,pv1_0.name,pv1_0.price from product_variants pv1_0
2025-12-06 04:06:16.406 [http-nio-8013-exec-9] DEBUG o.s.w.s.m.m.a.RequestResponseBodyMethodProcessor - Using 'application/json', given [application/json, text/plain, */*] and supported [application/json, application/*+json]
2025-12-06 04:06:16.407 [http-nio-8013-exec-9] DEBUG o.s.w.s.m.m.a.RequestResponseBodyMethodProcessor - Writing [[ProductVariantDto(id=1, name=Technic Truck Yellow, description=Yellow LEGO Technic truck, price=149 (truncated)...]
2025-12-06 04:06:16.408 [http-nio-8013-exec-9] DEBUG o.s.web.servlet.DispatcherServlet - Completed 200 OK
2025-12-06 04:06:16.417 [http-nio-8013-exec-10] DEBUG o.s.web.servlet.DispatcherServlet - GET "/api/masterdata/product-variants", parameters={}
2025-12-06 04:06:16.418 [http-nio-8013-exec-10] DEBUG o.s.w.s.m.m.a.RequestMappingHandlerMapping - Mapped to io.life.masterdata.controller.MasterdataController#getProductVariants()
2025-12-06 04:06:16.420 [http-nio-8013-exec-10] DEBUG org.hibernate.SQL - select pv1_0.id,pv1_0.description,pv1_0.estimated_time_minutes,pv1_0.name,pv1_0.price from product_variants pv1_0
2025-12-06 04:06:16.423 [http-nio-8013-exec-10] DEBUG o.s.w.s.m.m.a.RequestResponseBodyMethodProcessor - Using 'application/json', given [application/json, text/plain, */*] and supported [application/json, application/*+json]
2025-12-06 04:06:16.424 [http-nio-8013-exec-10] DEBUG o.s.w.s.m.m.a.RequestResponseBodyMethodProcessor - Writing [[ProductVariantDto(id=1, name=Technic Truck Yellow, description=Yellow LEGO Technic truck, price=149 (truncated)...]
2025-12-06 04:06:16.425 [http-nio-8013-exec-10] DEBUG o.s.web.servlet.DispatcherServlet - Completed 200 OK
2025-12-06 04:06:18.015 [http-nio-8013-exec-1] DEBUG o.s.web.servlet.DispatcherServlet - GET "/api/masterdata/workstations", parameters={}
2025-12-06 04:06:18.016 [http-nio-8013-exec-1] DEBUG o.s.w.s.m.m.a.RequestMappingHandlerMapping - Mapped to io.life.masterdata.controller.MasterdataController#getWorkstations()
2025-12-06 04:06:18.018 [http-nio-8013-exec-1] DEBUG org.hibernate.SQL - select w1_0.id,w1_0.active,w1_0.description,w1_0.name,w1_0.workstation_type from workstations w1_0
2025-12-06 04:06:18.021 [http-nio-8013-exec-1] DEBUG o.s.w.s.m.m.a.RequestResponseBodyMethodProcessor - Using 'application/json', given [application/json, text/plain, */*] and supported [application/json, application/*+json]
2025-12-06 04:06:18.021 [http-nio-8013-exec-1] DEBUG o.s.w.s.m.m.a.RequestResponseBodyMethodProcessor - Writing [[WorkstationDto(id=1, name=Injection Molding Station 1, workstationType=MANUFACTURING, description=P (truncated)...]
2025-12-06 04:06:18.023 [http-nio-8013-exec-1] DEBUG o.s.web.servlet.DispatcherServlet - Completed 200 OK
2025-12-06 04:06:18.043 [http-nio-8013-exec-3] DEBUG o.s.web.servlet.DispatcherServlet - GET "/api/masterdata/workstations", parameters={}
2025-12-06 04:06:18.044 [http-nio-8013-exec-3] DEBUG o.s.w.s.m.m.a.RequestMappingHandlerMapping - Mapped to io.life.masterdata.controller.MasterdataController#getWorkstations()
2025-12-06 04:06:18.046 [http-nio-8013-exec-3] DEBUG org.hibernate.SQL - select w1_0.id,w1_0.active,w1_0.description,w1_0.name,w1_0.workstation_type from workstations w1_0
2025-12-06 04:06:18.048 [http-nio-8013-exec-3] DEBUG o.s.w.s.m.m.a.RequestResponseBodyMethodProcessor - Using 'application/json', given [application/json, text/plain, */*] and supported [application/json, application/*+json]
2025-12-06 04:06:18.049 [http-nio-8013-exec-3] DEBUG o.s.w.s.m.m.a.RequestResponseBodyMethodProcessor - Writing [[WorkstationDto(id=1, name=Injection Molding Station 1, workstationType=MANUFACTURING, description=P (truncated)...]
2025-12-06 04:06:18.050 [http-nio-8013-exec-3] DEBUG o.s.web.servlet.DispatcherServlet - Completed 200 OK
2025-12-06 04:06:20.860 [http-nio-8013-exec-2] DEBUG o.s.web.servlet.DispatcherServlet - GET "/api/masterdata/product-variants", parameters={}
2025-12-06 04:06:20.860 [http-nio-8013-exec-2] DEBUG o.s.w.s.m.m.a.RequestMappingHandlerMapping - Mapped to io.life.masterdata.controller.MasterdataController#getProductVariants()
2025-12-06 04:06:20.863 [http-nio-8013-exec-2] DEBUG org.hibernate.SQL - select pv1_0.id,pv1_0.description,pv1_0.estimated_time_minutes,pv1_0.name,pv1_0.price from product_variants pv1_0
2025-12-06 04:06:20.865 [http-nio-8013-exec-2] DEBUG o.s.w.s.m.m.a.RequestResponseBodyMethodProcessor - Using 'application/json', given [application/json, text/plain, */*] and supported [application/json, application/*+json]
2025-12-06 04:06:20.866 [http-nio-8013-exec-2] DEBUG o.s.w.s.m.m.a.RequestResponseBodyMethodProcessor - Writing [[ProductVariantDto(id=1, name=Technic Truck Yellow, description=Yellow LEGO Technic truck, price=149 (truncated)...]
2025-12-06 04:06:20.868 [http-nio-8013-exec-2] DEBUG o.s.web.servlet.DispatcherServlet - Completed 200 OK
2025-12-06 04:06:20.875 [http-nio-8013-exec-4] DEBUG o.s.web.servlet.DispatcherServlet - GET "/api/masterdata/product-variants", parameters={}
2025-12-06 04:06:20.876 [http-nio-8013-exec-4] DEBUG o.s.w.s.m.m.a.RequestMappingHandlerMapping - Mapped to io.life.masterdata.controller.MasterdataController#getProductVariants()
2025-12-06 04:06:20.879 [http-nio-8013-exec-4] DEBUG org.hibernate.SQL - select pv1_0.id,pv1_0.description,pv1_0.estimated_time_minutes,pv1_0.name,pv1_0.price from product_variants pv1_0
2025-12-06 04:06:20.881 [http-nio-8013-exec-4] DEBUG o.s.w.s.m.m.a.RequestResponseBodyMethodProcessor - Using 'application/json', given [application/json, text/plain, */*] and supported [application/json, application/*+json]
2025-12-06 04:06:20.881 [http-nio-8013-exec-4] DEBUG o.s.w.s.m.m.a.RequestResponseBodyMethodProcessor - Writing [[ProductVariantDto(id=1, name=Technic Truck Yellow, description=Yellow LEGO Technic truck, price=149 (truncated)...]
2025-12-06 04:06:20.884 [http-nio-8013-exec-4] DEBUG o.s.web.servlet.DispatcherServlet - Completed 200 OK
