2025-12-06 04:04:17.502 [main] INFO  i.l.s.SimalIntegrationServiceApplication - Starting SimalIntegrationServiceApplication using Java 21.0.2 with PID 16148 (E:\My Documents\DEV\Java\Project\LIFE\simal-integration-service\target\classes started by nji in E:\My Documents\DEV\Java\Project\LIFE\simal-integration-service)
2025-12-06 04:04:17.504 [main] DEBUG i.l.s.SimalIntegrationServiceApplication - Running with Spring Boot v3.4.2, Spring v6.2.2
2025-12-06 04:04:17.505 [main] INFO  i.l.s.SimalIntegrationServiceApplication - No active profile set, falling back to 1 default profile: "default"
2025-12-06 04:04:18.114 [main] INFO  o.s.d.r.c.RepositoryConfigurationDelegate - Bootstrapping Spring Data JPA repositories in DEFAULT mode.
2025-12-06 04:04:18.159 [main] INFO  o.s.d.r.c.RepositoryConfigurationDelegate - Finished Spring Data repository scanning in 21 ms. Found 0 JPA repository interfaces.
2025-12-06 04:04:18.780 [main] INFO  o.s.b.w.e.tomcat.TomcatWebServer - Tomcat initialized with port 8016 (http)
2025-12-06 04:04:18.795 [main] INFO  o.a.coyote.http11.Http11NioProtocol - Initializing ProtocolHandler ["http-nio-8016"]
2025-12-06 04:04:18.797 [main] INFO  o.a.catalina.core.StandardService - Starting service [Tomcat]
2025-12-06 04:04:18.797 [main] INFO  o.a.catalina.core.StandardEngine - Starting Servlet engine: [Apache Tomcat/10.1.34]
2025-12-06 04:04:18.851 [main] INFO  o.a.c.c.C.[Tomcat].[localhost].[/] - Initializing Spring embedded WebApplicationContext
2025-12-06 04:04:18.852 [main] INFO  o.s.b.w.s.c.ServletWebServerApplicationContext - Root WebApplicationContext: initialization completed in 1305 ms
2025-12-06 04:04:19.092 [main] INFO  o.h.jpa.internal.util.LogHelper - HHH000204: Processing PersistenceUnitInfo [name: default]
2025-12-06 04:04:19.152 [main] INFO  org.hibernate.Version - HHH000412: Hibernate ORM core version 6.6.5.Final
2025-12-06 04:04:19.197 [main] INFO  o.h.c.i.RegionFactoryInitiator - HHH000026: Second-level cache disabled
2025-12-06 04:04:19.447 [main] INFO  o.s.o.j.p.SpringPersistenceUnitInfo - No LoadTimeWeaver setup: ignoring JPA class transformer
2025-12-06 04:04:19.482 [main] INFO  com.zaxxer.hikari.HikariDataSource - HikariPool-1 - Starting...
2025-12-06 04:04:19.641 [main] INFO  com.zaxxer.hikari.pool.HikariPool - HikariPool-1 - Added connection conn0: url=jdbc:h2:mem:simal_integration_service_db user=SA
2025-12-06 04:04:19.643 [main] INFO  com.zaxxer.hikari.HikariDataSource - HikariPool-1 - Start completed.
2025-12-06 04:04:19.683 [main] WARN  org.hibernate.orm.deprecation - HHH90000025: H2Dialect does not need to be specified explicitly using 'hibernate.dialect' (remove the property setting and it will be selected by default)
2025-12-06 04:04:19.710 [main] INFO  o.hibernate.orm.connections.pooling - HHH10001005: Database info:
	Database JDBC URL [Connecting through datasource 'HikariDataSource (HikariPool-1)']
	Database driver: undefined/unknown
	Database version: 2.3.232
	Autocommit mode: undefined/unknown
	Isolation level: undefined/unknown
	Minimum pool size: undefined/unknown
	Maximum pool size: undefined/unknown
2025-12-06 04:04:19.987 [main] INFO  o.h.e.t.j.p.i.JtaPlatformInitiator - HHH000489: No JTA platform available (set 'hibernate.transaction.jta.platform' to enable JTA platform integration)
2025-12-06 04:04:19.992 [main] INFO  o.s.o.j.LocalContainerEntityManagerFactoryBean - Initialized JPA EntityManagerFactory for persistence unit 'default'
2025-12-06 04:04:20.080 [main] WARN  o.s.b.a.o.j.JpaBaseConfiguration$JpaWebConfiguration - spring.jpa.open-in-view is enabled by default. Therefore, database queries may be performed during view rendering. Explicitly configure spring.jpa.open-in-view to disable this warning
2025-12-06 04:04:20.254 [main] DEBUG o.s.w.s.m.m.a.RequestMappingHandlerMapping - 9 mappings in 'requestMappingHandlerMapping'
2025-12-06 04:04:20.385 [main] DEBUG o.s.w.s.h.SimpleUrlHandlerMapping - Patterns [/webjars/**, /**] in 'resourceHandlerMapping'
2025-12-06 04:04:20.440 [main] DEBUG o.s.w.s.m.m.a.RequestMappingHandlerAdapter - ControllerAdvice beans: 0 @ModelAttribute, 0 @InitBinder, 1 RequestBodyAdvice, 1 ResponseBodyAdvice
2025-12-06 04:04:20.504 [main] DEBUG o.s.w.s.m.m.a.ExceptionHandlerExceptionResolver - ControllerAdvice beans: 1 @ExceptionHandler, 1 ResponseBodyAdvice
2025-12-06 04:04:20.749 [main] INFO  o.a.coyote.http11.Http11NioProtocol - Starting ProtocolHandler ["http-nio-8016"]
2025-12-06 04:04:20.788 [main] INFO  o.s.b.w.e.tomcat.TomcatWebServer - Tomcat started on port 8016 (http) with context path '/'
2025-12-06 04:04:20.798 [main] INFO  i.l.s.SimalIntegrationServiceApplication - Started SimalIntegrationServiceApplication in 3.695 seconds (process running for 4.454)
